#
# There is insufficient memory for the Java Runtime Environment to continue.
# Native memory allocation (malloc) failed to allocate 32744 bytes for ChunkPool::allocate
# Possible reasons:
#   The system is out of physical RAM or swap space
#   The process is running with CompressedOops enabled, and the Java Heap may be blocking the growth of the native heap
# Possible solutions:
#   Reduce memory load on the system
#   Increase physical memory or swap space
#   Check if swap backing store is full
#   Decrease Java heap size (-Xmx/-Xms)
#   Decrease number of Java threads
#   Decrease Java thread stack sizes (-Xss)
#   Set larger code cache with -XX:ReservedCodeCacheSize=
#   JVM is running with Unscaled Compressed Oops mode in which the Java heap is
#     placed in the first 4GB address space. The Java Heap base address is the
#     maximum limit for the native heap growth. Please use -XX:HeapBaseMinAddress
#     to set the Java Heap base and to place the Java Heap above 4GB virtual address.
# This output file may be truncated or incomplete.
#
#  Out of Memory Error (./src/hotspot/share/memory/arena.cpp:81), pid=12700, tid=1400
#
# JRE version: OpenJDK Runtime Environment (11.0.10) (build 11.0.10+0-b96-7249189)
# Java VM: OpenJDK 64-Bit Server VM (11.0.10+0-b96-7249189, mixed mode, tiered, compressed oops, g1 gc, windows-amd64)
# No core dump will be written. Minidumps are not enabled by default on client versions of Windows
#

---------------  S U M M A R Y ------------

Command Line: --add-opens=java.base/java.util=ALL-UNNAMED --add-opens=java.base/java.lang=ALL-UNNAMED --add-opens=java.base/java.lang.invoke=ALL-UNNAMED --add-opens=java.base/java.util=ALL-UNNAMED --add-opens=java.prefs/java.util.prefs=ALL-UNNAMED --add-opens=java.prefs/java.util.prefs=ALL-UNNAMED --add-opens=java.base/java.nio.charset=ALL-UNNAMED --add-opens=java.base/java.net=ALL-UNNAMED --add-opens=java.base/java.util.concurrent.atomic=ALL-UNNAMED -Xmx2048m -Dfile.encoding=UTF-8 -Duser.country=FR -Duser.language=fr -Duser.variant org.gradle.launcher.daemon.bootstrap.GradleDaemon 7.0.2

Host: Intel(R) Core(TM) i7-8550U CPU @ 1.80GHz, 8 cores, 15G,  Windows 10 , 64 bit Build 19041 (10.0.19041.1466)
Time: Mon Jan 24 13:08:14 2022 Paris, Madrid elapsed time: 92.753544 seconds (0d 0h 1m 32s)

---------------  T H R E A D  ---------------

Current thread (0x000001a3451c6800):  JavaThread "C1 CompilerThread0" daemon [_thread_in_vm, id=1400, stack(0x000000243b300000,0x000000243b400000)]


Current CompileTask:
C1:  92753 15350       3       org.gradle.internal.build.event.DefaultBuildEventsListenerRegistry$ForwardingBuildEventConsumer::handle (9 bytes)

Stack: [0x000000243b300000,0x000000243b400000]
Native frames: (J=compiled Java code, j=interpreted, Vv=VM code, C=native code)
V  [jvm.dll+0x5ecfaa]
V  [jvm.dll+0x722bd5]
V  [jvm.dll+0x72412d]
V  [jvm.dll+0x7247e3]
V  [jvm.dll+0x242928]
V  [jvm.dll+0xbc75b]
V  [jvm.dll+0xbca0c]
V  [jvm.dll+0x1adfce]
V  [jvm.dll+0x19dcfe]
V  [jvm.dll+0x208d8c]
V  [jvm.dll+0x207731]
V  [jvm.dll+0x6eb1cf]
V  [jvm.dll+0x6e3d45]
V  [jvm.dll+0x5ebe96]
C  [ucrtbase.dll+0x21bb2]
C  [KERNEL32.DLL+0x17034]
C  [ntdll.dll+0x52651]


---------------  P R O C E S S  ---------------

Threads class SMR info:
_java_thread_list=0x000001a34c478d60, length=72, elements={
0x000001a32a489800, 0x000001a34515b800, 0x000001a34515f000, 0x000001a3451c0800,
0x000001a3451c3000, 0x000001a3451c4000, 0x000001a3451c5000, 0x000001a3451c6800,
0x000001a3451f3000, 0x000001a34532b000, 0x000001a347d1f800, 0x000001a347d1e800,
0x000001a347d20800, 0x000001a347d1d000, 0x000001a347d1e000, 0x000001a3479a2000,
0x000001a3479a3000, 0x000001a3479a3800, 0x000001a3479a7000, 0x000001a3479a4800,
0x000001a3479ab000, 0x000001a3479ac000, 0x000001a3479ac800, 0x000001a3479ad800,
0x000001a3479af000, 0x000001a34cb62800, 0x000001a34cb6a000, 0x000001a34cb69800,
0x000001a34cb64800, 0x000001a34cb6b000, 0x000001a34cb6e000, 0x000001a34cb6d800,
0x000001a34c6ea000, 0x000001a34c6e8000, 0x000001a34c6e8800, 0x000001a34c6e9800,
0x000001a34a84e000, 0x000001a34c6df000, 0x000001a34cb65000, 0x000001a34cb66000,
0x000001a34cb60800, 0x000001a34cb67000, 0x000001a34cb62000, 0x000001a34cb61000,
0x000001a34cb63800, 0x000001a34cb6c800, 0x000001a34cb67800, 0x000001a34cb68800,
0x000001a34cb6f000, 0x000001a34a84f800, 0x000001a34a84d000, 0x000001a34a853000,
0x000001a34a853800, 0x000001a34a854800, 0x000001a34a850800, 0x000001a34a851000,
0x000001a34a852000, 0x000001a34a84e800, 0x000001a34a857000, 0x000001a34a85b000,
0x000001a34a855000, 0x000001a34a857800, 0x000001a34a858800, 0x000001a34a85c000,
0x000001a34a859800, 0x000001a34a85a000, 0x000001a34a856000, 0x000001a34c6e3800,
0x000001a34c6e5800, 0x000001a34c6e2000, 0x000001a34c6e0800, 0x000001a34d583800
}

Java Threads: ( => current thread )
  0x000001a32a489800 JavaThread "main" [_thread_blocked, id=16068, stack(0x000000243a600000,0x000000243a700000)]
  0x000001a34515b800 JavaThread "Reference Handler" daemon [_thread_blocked, id=10832, stack(0x000000243ad00000,0x000000243ae00000)]
  0x000001a34515f000 JavaThread "Finalizer" daemon [_thread_blocked, id=2548, stack(0x000000243ae00000,0x000000243af00000)]
  0x000001a3451c0800 JavaThread "Signal Dispatcher" daemon [_thread_blocked, id=784, stack(0x000000243af00000,0x000000243b000000)]
  0x000001a3451c3000 JavaThread "Attach Listener" daemon [_thread_blocked, id=11200, stack(0x000000243b000000,0x000000243b100000)]
  0x000001a3451c4000 JavaThread "Service Thread" daemon [_thread_blocked, id=11928, stack(0x000000243b100000,0x000000243b200000)]
  0x000001a3451c5000 JavaThread "C2 CompilerThread0" daemon [_thread_in_native, id=11680, stack(0x000000243b200000,0x000000243b300000)]
=>0x000001a3451c6800 JavaThread "C1 CompilerThread0" daemon [_thread_in_vm, id=1400, stack(0x000000243b300000,0x000000243b400000)]
  0x000001a3451f3000 JavaThread "Sweeper thread" daemon [_thread_blocked, id=11316, stack(0x000000243b400000,0x000000243b500000)]
  0x000001a34532b000 JavaThread "Common-Cleaner" daemon [_thread_blocked, id=11228, stack(0x000000243b500000,0x000000243b600000)]
  0x000001a347d1f800 JavaThread "Daemon health stats" [_thread_blocked, id=9800, stack(0x000000243be00000,0x000000243bf00000)]
  0x000001a347d1e800 JavaThread "Incoming local TCP Connector on port 51557" [_thread_in_native, id=11032, stack(0x000000243b700000,0x000000243b800000)]
  0x000001a347d20800 JavaThread "Daemon periodic checks" [_thread_blocked, id=5688, stack(0x000000243b800000,0x000000243b900000)]
  0x000001a347d1d000 JavaThread "Daemon" [_thread_blocked, id=10400, stack(0x000000243bf00000,0x000000243c000000)]
  0x000001a347d1e000 JavaThread "Daemon worker" [_thread_blocked, id=6808, stack(0x000000243c200000,0x000000243c300000)]
  0x000001a3479a2000 JavaThread "Cache worker for file hash cache (C:\Users\alexandre.deluc\.gradle\caches\7.0.2\fileHashes)" [_thread_blocked, id=1536, stack(0x000000243c600000,0x000000243c700000)]
  0x000001a3479a3000 JavaThread "File lock request listener" [_thread_in_native, id=15124, stack(0x000000243c700000,0x000000243c800000)]
  0x000001a3479a3800 JavaThread "Cache worker for journal cache (C:\Users\alexandre.deluc\.gradle\caches\journal-1)" [_thread_blocked, id=10448, stack(0x000000243cb00000,0x000000243cc00000)]
  0x000001a3479a7000 JavaThread "File watcher server" daemon [_thread_in_native, id=13616, stack(0x000000243ce00000,0x000000243cf00000)]
  0x000001a3479a4800 JavaThread "File watcher consumer" daemon [_thread_blocked, id=12584, stack(0x000000243cf00000,0x000000243d000000)]
  0x000001a3479ab000 JavaThread "Cache worker for execution history cache (C:\Users\alexandre.deluc\.gradle\caches\7.0.2\executionHistory)" [_thread_blocked, id=12776, stack(0x000000243d400000,0x000000243d500000)]
  0x000001a3479ac000 JavaThread "jar transforms" [_thread_blocked, id=14804, stack(0x000000243d500000,0x000000243d600000)]
  0x000001a3479ac800 JavaThread "jar transforms Thread 2" [_thread_blocked, id=10888, stack(0x000000243d600000,0x000000243d700000)]
  0x000001a3479ad800 JavaThread "Cache worker for file content cache (C:\Users\alexandre.deluc\.gradle\caches\7.0.2\fileContent)" [_thread_blocked, id=15868, stack(0x000000243d700000,0x000000243d800000)]
  0x000001a3479af000 JavaThread "jar transforms Thread 3" [_thread_blocked, id=14040, stack(0x000000243d900000,0x000000243da00000)]
  0x000001a34cb62800 JavaThread "jar transforms Thread 4" [_thread_blocked, id=5876, stack(0x000000243e300000,0x000000243e400000)]
  0x000001a34cb6a000 JavaThread "jar transforms Thread 5" [_thread_blocked, id=3516, stack(0x000000243e400000,0x000000243e500000)]
  0x000001a34cb69800 JavaThread "jar transforms Thread 6" [_thread_blocked, id=3108, stack(0x000000243e500000,0x000000243e600000)]
  0x000001a34cb64800 JavaThread "jar transforms Thread 7" [_thread_blocked, id=9736, stack(0x000000243e600000,0x000000243e700000)]
  0x000001a34cb6b000 JavaThread "jar transforms Thread 8" [_thread_blocked, id=13484, stack(0x000000243e700000,0x000000243e800000)]
  0x000001a34cb6e000 JavaThread "Memory manager" [_thread_blocked, id=12672, stack(0x000000243d200000,0x000000243d300000)]
  0x000001a34cb6d800 JavaThread "pool-3-thread-1" [_thread_blocked, id=560, stack(0x000000243ea00000,0x000000243eb00000)]
  0x000001a34c6ea000 JavaThread "RMI Scheduler(0)" daemon [_thread_blocked, id=15024, stack(0x000000243fa00000,0x000000243fb00000)]
  0x000001a34c6e8000 JavaThread "RMI GC Daemon" daemon [_thread_blocked, id=6408, stack(0x000000243fc00000,0x000000243fd00000)]
  0x000001a34c6e8800 JavaThread "RMI TCP Accept-0" daemon [_thread_in_native, id=4088, stack(0x000000243fe00000,0x000000243ff00000)]
  0x000001a34c6e9800 JavaThread "RMI Reaper" [_thread_blocked, id=3492, stack(0x000000243ff00000,0x0000002440000000)]
  0x000001a34a84e000 JavaThread "RMI TCP Connection(idle)" daemon [_thread_blocked, id=10524, stack(0x0000002440000000,0x0000002440100000)]
  0x000001a34c6df000 JavaThread "pool-7-thread-1" [_thread_blocked, id=1236, stack(0x000000243eb00000,0x000000243ec00000)]
  0x000001a34cb65000 JavaThread "RMI TCP Connection(idle)" daemon [_thread_blocked, id=13040, stack(0x000000243f600000,0x000000243f700000)]
  0x000001a34cb66000 JavaThread "Handler for socket connection from /127.0.0.1:51557 to /127.0.0.1:51581" [_thread_in_native, id=15036, stack(0x000000243a300000,0x000000243a400000)]
  0x000001a34cb60800 JavaThread "Cancel handler" [_thread_blocked, id=15340, stack(0x000000243a400000,0x000000243a500000)]
  0x000001a34cb67000 JavaThread "Asynchronous log dispatcher for DefaultDaemonConnection: socket connection from /127.0.0.1:51557 to /127.0.0.1:51581" [_thread_blocked, id=12972, stack(0x000000243a500000,0x000000243a600000)]
  0x000001a34cb62000 JavaThread "Stdin handler" [_thread_blocked, id=14232, stack(0x000000243c000000,0x000000243c100000)]
  0x000001a34cb61000 JavaThread "Daemon client event forwarder" [_thread_blocked, id=3320, stack(0x000000243c100000,0x000000243c200000)]
  0x000001a34cb63800 JavaThread "Cache worker for file hash cache (C:\Users\alexandre.deluc\AndroidStudioProjects\AndroidERestaurant\.gradle\7.0.2\fileHashes)" [_thread_blocked, id=5984, stack(0x000000243c300000,0x000000243c400000)]
  0x000001a34cb6c800 JavaThread "Cache worker for checksums cache (C:\Users\alexandre.deluc\AndroidStudioProjects\AndroidERestaurant\.gradle\checksums)" [_thread_blocked, id=7532, stack(0x000000243c400000,0x000000243c500000)]
  0x000001a34cb67800 JavaThread "Cache worker for cache directory md-supplier (C:\Users\alexandre.deluc\.gradle\caches\7.0.2\md-supplier)" [_thread_blocked, id=7196, stack(0x000000243c500000,0x000000243c600000)]
  0x000001a34cb68800 JavaThread "Cache worker for cache directory md-rule (C:\Users\alexandre.deluc\.gradle\caches\7.0.2\md-rule)" [_thread_blocked, id=12428, stack(0x000000243cd00000,0x000000243ce00000)]
  0x000001a34cb6f000 JavaThread "Cache worker for dependencies-accessors (C:\Users\alexandre.deluc\AndroidStudioProjects\AndroidERestaurant\.gradle\7.0.2\dependencies-accessors)" [_thread_blocked, id=15832, stack(0x000000243d000000,0x000000243d100000)]
  0x000001a34a84f800 JavaThread "Cache worker for Build Output Cleanup Cache (C:\Users\alexandre.deluc\AndroidStudioProjects\AndroidERestaurant\.gradle\buildOutputCleanup)" [_thread_blocked, id=8104, stack(0x000000243d300000,0x000000243d400000)]
  0x000001a34a84d000 JavaThread "Build operations" [_thread_blocked, id=3660, stack(0x000000243d800000,0x000000243d900000)]
  0x000001a34a853000 JavaThread "Build operations Thread 2" [_thread_blocked, id=12024, stack(0x000000243da00000,0x000000243db00000)]
  0x000001a34a853800 JavaThread "Build operations Thread 3" [_thread_blocked, id=4540, stack(0x000000243db00000,0x000000243dc00000)]
  0x000001a34a854800 JavaThread "Build operations Thread 4" [_thread_blocked, id=10228, stack(0x000000243dc00000,0x000000243dd00000)]
  0x000001a34a850800 JavaThread "Build operations Thread 5" [_thread_blocked, id=8356, stack(0x000000243dd00000,0x000000243de00000)]
  0x000001a34a851000 JavaThread "Build operations Thread 6" [_thread_blocked, id=12952, stack(0x000000243de00000,0x000000243df00000)]
  0x000001a34a852000 JavaThread "Build operations Thread 7" [_thread_blocked, id=14316, stack(0x000000243df00000,0x000000243e000000)]
  0x000001a34a84e800 JavaThread "Build operations Thread 8" [_thread_blocked, id=11700, stack(0x000000243e000000,0x000000243e100000)]
  0x000001a34a857000 JavaThread "build event listener" [_thread_blocked, id=1508, stack(0x000000243e100000,0x000000243e200000)]
  0x000001a34a85b000 JavaThread "build event listener" [_thread_blocked, id=14492, stack(0x000000243e200000,0x000000243e300000)]
  0x000001a34a855000 JavaThread "pool-10-thread-1" [_thread_blocked, id=7936, stack(0x000000243e800000,0x000000243e900000)]
  0x000001a34a857800 JavaThread "build event listener" [_thread_blocked, id=14912, stack(0x000000243e900000,0x000000243ea00000)]
  0x000001a34a858800 JavaThread "Execution worker for ':'" [_thread_blocked, id=8548, stack(0x000000243ec00000,0x000000243ed00000)]
  0x000001a34a85c000 JavaThread "Execution worker for ':' Thread 2" [_thread_blocked, id=15540, stack(0x000000243ed00000,0x000000243ee00000)]
  0x000001a34a859800 JavaThread "Execution worker for ':' Thread 3" [_thread_in_vm, id=948, stack(0x000000243ee00000,0x000000243ef00000)]
  0x000001a34a85a000 JavaThread "Execution worker for ':' Thread 4" [_thread_blocked, id=8052, stack(0x000000243ef00000,0x000000243f000000)]
  0x000001a34a856000 JavaThread "Execution worker for ':' Thread 5" [_thread_blocked, id=16204, stack(0x000000243f000000,0x000000243f100000)]
  0x000001a34c6e3800 JavaThread "Execution worker for ':' Thread 6" [_thread_blocked, id=5364, stack(0x000000243f100000,0x000000243f200000)]
  0x000001a34c6e5800 JavaThread "Execution worker for ':' Thread 7" [_thread_blocked, id=13844, stack(0x000000243f200000,0x000000243f300000)]
  0x000001a34c6e2000 JavaThread "Cache worker for execution history cache (C:\Users\alexandre.deluc\AndroidStudioProjects\AndroidERestaurant\.gradle\7.0.2\executionHistory)" [_thread_blocked, id=11724, stack(0x000000243f300000,0x000000243f400000)]
  0x000001a34c6e0800 JavaThread "RMI RenewClean-[127.0.0.1:17399,org.jetbrains.kotlin.daemon.common.LoopbackNetworkInterface$ClientLoopbackSocketFactory@50ab58a9]" daemon [_thread_blocked, id=11800, stack(0x000000243f400000,0x000000243f500000)]
  0x000001a34d583800 JavaThread "C2 CompilerThread1" daemon [_thread_in_native, id=13620, stack(0x000000243d100000,0x000000243d200000)]

Other Threads:
  0x000001a345157000 VMThread "VM Thread" [stack: 0x000000243ac00000,0x000000243ad00000] [id=9664]
  0x000001a345349800 WatcherThread [stack: 0x000000243b600000,0x000000243b700000] [id=3400]
  0x000001a32a4a3800 GCTaskThread "GC Thread#0" [stack: 0x000000243a700000,0x000000243a800000] [id=6624]
  0x000001a3458d2800 GCTaskThread "GC Thread#1" [stack: 0x000000243b900000,0x000000243ba00000] [id=8928]
  0x000001a34610a800 GCTaskThread "GC Thread#2" [stack: 0x000000243ba00000,0x000000243bb00000] [id=10568]
  0x000001a3463ef000 GCTaskThread "GC Thread#3" [stack: 0x000000243bb00000,0x000000243bc00000] [id=12416]
  0x000001a3463ef800 GCTaskThread "GC Thread#4" [stack: 0x000000243bc00000,0x000000243bd00000] [id=3204]
  0x000001a3464a7000 GCTaskThread "GC Thread#5" [stack: 0x000000243bd00000,0x000000243be00000] [id=11108]
  0x000001a34709a000 GCTaskThread "GC Thread#6" [stack: 0x000000243c800000,0x000000243c900000] [id=16136]
  0x000001a347945800 GCTaskThread "GC Thread#7" [stack: 0x000000243c900000,0x000000243ca00000] [id=6640]
  0x000001a32a4d7000 ConcurrentGCThread "G1 Main Marker" [stack: 0x000000243a800000,0x000000243a900000] [id=2388]
  0x000001a32a4d8000 ConcurrentGCThread "G1 Conc#0" [stack: 0x000000243a900000,0x000000243aa00000] [id=10424]
  0x000001a3474f9800 ConcurrentGCThread "G1 Conc#1" [stack: 0x000000243ca00000,0x000000243cb00000] [id=13452]
  0x000001a32a56e800 ConcurrentGCThread "G1 Refine#0" [stack: 0x000000243aa00000,0x000000243ab00000] [id=10804]
  0x000001a3447a6800 ConcurrentGCThread "G1 Young RemSet Sampling" [stack: 0x000000243ab00000,0x000000243ac00000] [id=9888]

Threads with active compile tasks:
C2 CompilerThread0  92796 15340       4       java.io.StringWriter::write (14 bytes)
C1 CompilerThread0  92796 15350       3       org.gradle.internal.build.event.DefaultBuildEventsListenerRegistry$ForwardingBuildEventConsumer::handle (9 bytes)
C2 CompilerThread1  92797 15347       4       org.gradle.cache.Cache::get (14 bytes)

VM state:not at safepoint (normal execution)

VM Mutex/Monitor currently owned by a thread: None

Heap address: 0x0000000080000000, size: 2048 MB, Compressed Oops mode: 32-bit
Narrow klass base: 0x0000000000000000, Narrow klass shift: 3
Compressed class space size: 1073741824 Address: 0x0000000100000000

Heap:
 garbage-first heap   total 260096K, used 144686K [0x0000000080000000, 0x0000000100000000)
  region size 1024K, 64 young (65536K), 9 survivors (9216K)
 Metaspace       used 105643K, capacity 108246K, committed 108396K, reserved 1144832K
  class space    used 13111K, capacity 14029K, committed 14156K, reserved 1048576K
Heap Regions: E=young(eden), S=young(survivor), O=old, HS=humongous(starts), HC=humongous(continues), CS=collection set, F=free, A=archive, TAMS=top-at-mark-start (previous, next)
|   0|0x0000000080000000, 0x0000000080100000, 0x0000000080100000|100%| O|  |TAMS 0x0000000080100000, 0x0000000080000000| Untracked 
|   1|0x0000000080100000, 0x0000000080200000, 0x0000000080200000|100%| O|  |TAMS 0x0000000080200000, 0x0000000080100000| Untracked 
|   2|0x0000000080200000, 0x0000000080300000, 0x0000000080300000|100%| O|  |TAMS 0x0000000080300000, 0x0000000080200000| Untracked 
|   3|0x0000000080300000, 0x0000000080400000, 0x0000000080400000|100%|HS|  |TAMS 0x0000000080400000, 0x0000000080300000| Complete 
|   4|0x0000000080400000, 0x0000000080500000, 0x0000000080500000|100%|HC|  |TAMS 0x0000000080500000, 0x0000000080400000| Complete 
|   5|0x0000000080500000, 0x0000000080600000, 0x0000000080600000|100%|HC|  |TAMS 0x0000000080600000, 0x0000000080500000| Complete 
|   6|0x0000000080600000, 0x0000000080700000, 0x0000000080700000|100%| O|  |TAMS 0x0000000080700000, 0x0000000080600000| Untracked 
|   7|0x0000000080700000, 0x0000000080800000, 0x0000000080800000|100%| O|  |TAMS 0x0000000080800000, 0x0000000080700000| Untracked 
|   8|0x0000000080800000, 0x0000000080900000, 0x0000000080900000|100%| O|  |TAMS 0x0000000080900000, 0x0000000080800000| Untracked 
|   9|0x0000000080900000, 0x0000000080a00000, 0x0000000080a00000|100%| O|  |TAMS 0x0000000080a00000, 0x0000000080900000| Untracked 
|  10|0x0000000080a00000, 0x0000000080b00000, 0x0000000080b00000|100%| O|  |TAMS 0x0000000080b00000, 0x0000000080a00000| Untracked 
|  11|0x0000000080b00000, 0x0000000080c00000, 0x0000000080c00000|100%| O|  |TAMS 0x0000000080c00000, 0x0000000080b00000| Untracked 
|  12|0x0000000080c00000, 0x0000000080d00000, 0x0000000080d00000|100%| O|  |TAMS 0x0000000080d00000, 0x0000000080c00000| Untracked 
|  13|0x0000000080d00000, 0x0000000080e00000, 0x0000000080e00000|100%| O|  |TAMS 0x0000000080e00000, 0x0000000080d00000| Untracked 
|  14|0x0000000080e00000, 0x0000000080f00000, 0x0000000080f00000|100%| O|  |TAMS 0x0000000080f00000, 0x0000000080e00000| Untracked 
|  15|0x0000000080f00000, 0x0000000081000000, 0x0000000081000000|100%| O|  |TAMS 0x0000000081000000, 0x0000000080f00000| Untracked 
|  16|0x0000000081000000, 0x0000000081100000, 0x0000000081100000|100%|HS|  |TAMS 0x0000000081100000, 0x0000000081000000| Complete 
|  17|0x0000000081100000, 0x0000000081200000, 0x0000000081200000|100%|HS|  |TAMS 0x0000000081200000, 0x0000000081100000| Complete 
|  18|0x0000000081200000, 0x0000000081300000, 0x0000000081300000|100%|HS|  |TAMS 0x0000000081300000, 0x0000000081200000| Complete 
|  19|0x0000000081300000, 0x0000000081400000, 0x0000000081400000|100%|HS|  |TAMS 0x0000000081400000, 0x0000000081300000| Complete 
|  20|0x0000000081400000, 0x0000000081500000, 0x0000000081500000|100%|HC|  |TAMS 0x0000000081500000, 0x0000000081400000| Complete 
|  21|0x0000000081500000, 0x0000000081600000, 0x0000000081600000|100%|HC|  |TAMS 0x0000000081600000, 0x0000000081500000| Complete 
|  22|0x0000000081600000, 0x0000000081700000, 0x0000000081700000|100%|HS|  |TAMS 0x0000000081700000, 0x0000000081600000| Complete 
|  23|0x0000000081700000, 0x0000000081800000, 0x0000000081800000|100%|HC|  |TAMS 0x0000000081800000, 0x0000000081700000| Complete 
|  24|0x0000000081800000, 0x0000000081900000, 0x0000000081900000|100%| O|  |TAMS 0x0000000081900000, 0x0000000081800000| Untracked 
|  25|0x0000000081900000, 0x0000000081a00000, 0x0000000081a00000|100%| O|  |TAMS 0x0000000081a00000, 0x0000000081900000| Untracked 
|  26|0x0000000081a00000, 0x0000000081b00000, 0x0000000081b00000|100%| O|  |TAMS 0x0000000081b00000, 0x0000000081a00000| Untracked 
|  27|0x0000000081b00000, 0x0000000081c00000, 0x0000000081c00000|100%| O|  |TAMS 0x0000000081c00000, 0x0000000081b00000| Untracked 
|  28|0x0000000081c00000, 0x0000000081d00000, 0x0000000081d00000|100%| O|  |TAMS 0x0000000081d00000, 0x0000000081c00000| Untracked 
|  29|0x0000000081d00000, 0x0000000081e00000, 0x0000000081e00000|100%| O|  |TAMS 0x0000000081e00000, 0x0000000081d00000| Untracked 
|  30|0x0000000081e00000, 0x0000000081f00000, 0x0000000081f00000|100%| O|  |TAMS 0x0000000081f00000, 0x0000000081e00000| Untracked 
|  31|0x0000000081f00000, 0x0000000082000000, 0x0000000082000000|100%| O|  |TAMS 0x0000000082000000, 0x0000000081f00000| Untracked 
|  32|0x0000000082000000, 0x0000000082100000, 0x0000000082100000|100%| O|  |TAMS 0x0000000082100000, 0x0000000082000000| Untracked 
|  33|0x0000000082100000, 0x0000000082200000, 0x0000000082200000|100%| O|  |TAMS 0x0000000082200000, 0x0000000082100000| Untracked 
|  34|0x0000000082200000, 0x0000000082300000, 0x0000000082300000|100%| O|  |TAMS 0x0000000082300000, 0x0000000082200000| Untracked 
|  35|0x0000000082300000, 0x0000000082400000, 0x0000000082400000|100%| O|  |TAMS 0x0000000082400000, 0x0000000082300000| Untracked 
|  36|0x0000000082400000, 0x0000000082500000, 0x0000000082500000|100%| O|  |TAMS 0x0000000082500000, 0x0000000082400000| Untracked 
|  37|0x0000000082500000, 0x0000000082600000, 0x0000000082600000|100%| O|  |TAMS 0x0000000082600000, 0x0000000082500000| Untracked 
|  38|0x0000000082600000, 0x0000000082700000, 0x0000000082700000|100%| O|  |TAMS 0x0000000082700000, 0x0000000082600000| Untracked 
|  39|0x0000000082700000, 0x0000000082800000, 0x0000000082800000|100%| O|  |TAMS 0x0000000082800000, 0x0000000082700000| Untracked 
|  40|0x0000000082800000, 0x0000000082900000, 0x0000000082900000|100%| O|  |TAMS 0x0000000082900000, 0x0000000082800000| Untracked 
|  41|0x0000000082900000, 0x0000000082a00000, 0x0000000082a00000|100%| O|  |TAMS 0x0000000082a00000, 0x0000000082900000| Untracked 
|  42|0x0000000082a00000, 0x0000000082b00000, 0x0000000082b00000|100%| O|  |TAMS 0x0000000082b00000, 0x0000000082a00000| Untracked 
|  43|0x0000000082b00000, 0x0000000082c00000, 0x0000000082c00000|100%| O|  |TAMS 0x0000000082c00000, 0x0000000082b00000| Untracked 
|  44|0x0000000082c00000, 0x0000000082d00000, 0x0000000082d00000|100%| O|  |TAMS 0x0000000082d00000, 0x0000000082c00000| Untracked 
|  45|0x0000000082d00000, 0x0000000082e00000, 0x0000000082e00000|100%| O|  |TAMS 0x0000000082e00000, 0x0000000082d00000| Untracked 
|  46|0x0000000082e00000, 0x0000000082f00000, 0x0000000082f00000|100%| O|  |TAMS 0x0000000082f00000, 0x0000000082e00000| Untracked 
|  47|0x0000000082f00000, 0x0000000083000000, 0x0000000083000000|100%| O|  |TAMS 0x0000000083000000, 0x0000000082f00000| Untracked 
|  48|0x0000000083000000, 0x0000000083100000, 0x0000000083100000|100%| O|  |TAMS 0x0000000083100000, 0x0000000083000000| Untracked 
|  49|0x0000000083100000, 0x0000000083200000, 0x0000000083200000|100%| O|  |TAMS 0x0000000083200000, 0x0000000083100000| Untracked 
|  50|0x0000000083200000, 0x0000000083300000, 0x0000000083300000|100%| O|  |TAMS 0x0000000083300000, 0x0000000083200000| Untracked 
|  51|0x0000000083300000, 0x0000000083400000, 0x0000000083400000|100%| O|  |TAMS 0x0000000083400000, 0x0000000083300000| Untracked 
|  52|0x0000000083400000, 0x0000000083500000, 0x0000000083500000|100%| O|  |TAMS 0x0000000083500000, 0x0000000083400000| Untracked 
|  53|0x0000000083500000, 0x0000000083600000, 0x0000000083600000|100%| O|  |TAMS 0x0000000083600000, 0x0000000083500000| Untracked 
|  54|0x0000000083600000, 0x0000000083700000, 0x0000000083700000|100%| O|  |TAMS 0x0000000083700000, 0x0000000083600000| Untracked 
|  55|0x0000000083700000, 0x0000000083800000, 0x0000000083800000|100%| O|  |TAMS 0x0000000083800000, 0x0000000083700000| Untracked 
|  56|0x0000000083800000, 0x0000000083900000, 0x0000000083900000|100%| O|  |TAMS 0x0000000083900000, 0x0000000083800000| Untracked 
|  57|0x0000000083900000, 0x0000000083a00000, 0x0000000083a00000|100%| O|  |TAMS 0x0000000083a00000, 0x0000000083900000| Untracked 
|  58|0x0000000083a00000, 0x0000000083b00000, 0x0000000083b00000|100%| O|  |TAMS 0x0000000083b00000, 0x0000000083a00000| Untracked 
|  59|0x0000000083b00000, 0x0000000083c00000, 0x0000000083c00000|100%| O|  |TAMS 0x0000000083c00000, 0x0000000083b00000| Untracked 
|  60|0x0000000083c00000, 0x0000000083d00000, 0x0000000083d00000|100%| O|  |TAMS 0x0000000083d00000, 0x0000000083c00000| Untracked 
|  61|0x0000000083d00000, 0x0000000083e00000, 0x0000000083e00000|100%| O|  |TAMS 0x0000000083e00000, 0x0000000083d00000| Untracked 
|  62|0x0000000083e00000, 0x0000000083f00000, 0x0000000083f00000|100%| O|  |TAMS 0x0000000083f00000, 0x0000000083e00000| Untracked 
|  63|0x0000000083f00000, 0x0000000084000000, 0x0000000084000000|100%| O|  |TAMS 0x0000000084000000, 0x0000000083f00000| Untracked 
|  64|0x0000000084000000, 0x0000000084100000, 0x0000000084100000|100%| O|  |TAMS 0x0000000084100000, 0x0000000084000000| Untracked 
|  65|0x0000000084100000, 0x0000000084200000, 0x0000000084200000|100%| O|  |TAMS 0x0000000084200000, 0x0000000084100000| Untracked 
|  66|0x0000000084200000, 0x0000000084300000, 0x0000000084300000|100%| O|  |TAMS 0x0000000084300000, 0x0000000084200000| Untracked 
|  67|0x0000000084300000, 0x0000000084400000, 0x0000000084400000|100%| O|  |TAMS 0x0000000084400000, 0x0000000084300000| Untracked 
|  68|0x0000000084400000, 0x00000000844b5000, 0x0000000084500000| 70%| O|  |TAMS 0x00000000844b5000, 0x0000000084400000| Untracked 
|  69|0x0000000084500000, 0x0000000084500000, 0x0000000084600000|  0%| F|  |TAMS 0x0000000084500000, 0x0000000084500000| Untracked 
|  70|0x0000000084600000, 0x0000000084600000, 0x0000000084700000|  0%| F|  |TAMS 0x0000000084600000, 0x0000000084600000| Untracked 
|  71|0x0000000084700000, 0x0000000084700000, 0x0000000084800000|  0%| F|  |TAMS 0x0000000084700000, 0x0000000084700000| Untracked 
|  72|0x0000000084800000, 0x0000000084800000, 0x0000000084900000|  0%| F|  |TAMS 0x0000000084800000, 0x0000000084800000| Untracked 
|  73|0x0000000084900000, 0x0000000084900000, 0x0000000084a00000|  0%| F|  |TAMS 0x0000000084900000, 0x0000000084900000| Untracked 
|  74|0x0000000084a00000, 0x0000000084a00000, 0x0000000084b00000|  0%| F|  |TAMS 0x0000000084a00000, 0x0000000084a00000| Untracked 
|  75|0x0000000084b00000, 0x0000000084c00000, 0x0000000084c00000|100%| O|  |TAMS 0x0000000084c00000, 0x0000000084b00000| Untracked 
|  76|0x0000000084c00000, 0x0000000084d00000, 0x0000000084d00000|100%| O|  |TAMS 0x0000000084d00000, 0x0000000084c00000| Untracked 
|  77|0x0000000084d00000, 0x0000000084e00000, 0x0000000084e00000|100%| O|  |TAMS 0x0000000084e00000, 0x0000000084d00000| Untracked 
|  78|0x0000000084e00000, 0x0000000084f00000, 0x0000000084f00000|100%| O|  |TAMS 0x0000000084f00000, 0x0000000084e00000| Untracked 
|  79|0x0000000084f00000, 0x0000000085000000, 0x0000000085000000|100%| O|  |TAMS 0x0000000085000000, 0x0000000084f00000| Untracked 
|  80|0x0000000085000000, 0x0000000085100000, 0x0000000085100000|100%| O|  |TAMS 0x0000000085100000, 0x0000000085000000| Untracked 
|  81|0x0000000085100000, 0x0000000085200000, 0x0000000085200000|100%| O|  |TAMS 0x0000000085200000, 0x0000000085100000| Untracked 
|  82|0x0000000085200000, 0x0000000085300000, 0x0000000085300000|100%| O|  |TAMS 0x0000000085300000, 0x0000000085200000| Untracked 
|  83|0x0000000085300000, 0x0000000085400000, 0x0000000085400000|100%| O|  |TAMS 0x0000000085400000, 0x0000000085300000| Untracked 
|  84|0x0000000085400000, 0x0000000085500000, 0x0000000085500000|100%| O|  |TAMS 0x0000000085500000, 0x0000000085400000| Untracked 
|  85|0x0000000085500000, 0x0000000085600000, 0x0000000085600000|100%| O|  |TAMS 0x0000000085600000, 0x0000000085500000| Untracked 
|  86|0x0000000085600000, 0x0000000085600000, 0x0000000085700000|  0%| F|  |TAMS 0x0000000085600000, 0x0000000085600000| Untracked 
|  87|0x0000000085700000, 0x0000000085700000, 0x0000000085800000|  0%| F|  |TAMS 0x0000000085700000, 0x0000000085700000| Untracked 
|  88|0x0000000085800000, 0x0000000085800000, 0x0000000085900000|  0%| F|  |TAMS 0x0000000085800000, 0x0000000085800000| Untracked 
|  89|0x0000000085900000, 0x0000000085900000, 0x0000000085a00000|  0%| F|  |TAMS 0x0000000085900000, 0x0000000085900000| Untracked 
|  90|0x0000000085a00000, 0x0000000085a00000, 0x0000000085b00000|  0%| F|  |TAMS 0x0000000085a00000, 0x0000000085a00000| Untracked 
|  91|0x0000000085b00000, 0x0000000085b00000, 0x0000000085c00000|  0%| F|  |TAMS 0x0000000085b00000, 0x0000000085b00000| Untracked 
|  92|0x0000000085c00000, 0x0000000085c00000, 0x0000000085d00000|  0%| F|  |TAMS 0x0000000085c00000, 0x0000000085c00000| Untracked 
|  93|0x0000000085d00000, 0x0000000085d00000, 0x0000000085e00000|  0%| F|  |TAMS 0x0000000085d00000, 0x0000000085d00000| Untracked 
|  94|0x0000000085e00000, 0x0000000085e00000, 0x0000000085f00000|  0%| F|  |TAMS 0x0000000085e00000, 0x0000000085e00000| Untracked 
|  95|0x0000000085f00000, 0x0000000085f00000, 0x0000000086000000|  0%| F|  |TAMS 0x0000000085f00000, 0x0000000085f00000| Untracked 
|  96|0x0000000086000000, 0x0000000086000000, 0x0000000086100000|  0%| F|  |TAMS 0x0000000086000000, 0x0000000086000000| Untracked 
|  97|0x0000000086100000, 0x0000000086100000, 0x0000000086200000|  0%| F|  |TAMS 0x0000000086100000, 0x0000000086100000| Untracked 
|  98|0x0000000086200000, 0x0000000086200000, 0x0000000086300000|  0%| F|  |TAMS 0x0000000086200000, 0x0000000086200000| Untracked 
|  99|0x0000000086300000, 0x0000000086300000, 0x0000000086400000|  0%| F|  |TAMS 0x0000000086300000, 0x0000000086300000| Untracked 
| 100|0x0000000086400000, 0x0000000086400000, 0x0000000086500000|  0%| F|  |TAMS 0x0000000086400000, 0x0000000086400000| Untracked 
| 101|0x0000000086500000, 0x0000000086500000, 0x0000000086600000|  0%| F|  |TAMS 0x0000000086500000, 0x0000000086500000| Untracked 
| 102|0x0000000086600000, 0x0000000086600000, 0x0000000086700000|  0%| F|  |TAMS 0x0000000086600000, 0x0000000086600000| Untracked 
| 103|0x0000000086700000, 0x0000000086700000, 0x0000000086800000|  0%| F|  |TAMS 0x0000000086700000, 0x0000000086700000| Untracked 
| 104|0x0000000086800000, 0x0000000086800000, 0x0000000086900000|  0%| F|  |TAMS 0x0000000086800000, 0x0000000086800000| Untracked 
| 105|0x0000000086900000, 0x0000000086900000, 0x0000000086a00000|  0%| F|  |TAMS 0x0000000086900000, 0x0000000086900000| Untracked 
| 106|0x0000000086a00000, 0x0000000086a00000, 0x0000000086b00000|  0%| F|  |TAMS 0x0000000086a00000, 0x0000000086a00000| Untracked 
| 107|0x0000000086b00000, 0x0000000086b00000, 0x0000000086c00000|  0%| F|  |TAMS 0x0000000086b00000, 0x0000000086b00000| Untracked 
| 108|0x0000000086c00000, 0x0000000086c00000, 0x0000000086d00000|  0%| F|  |TAMS 0x0000000086c00000, 0x0000000086c00000| Untracked 
| 109|0x0000000086d00000, 0x0000000086d00000, 0x0000000086e00000|  0%| F|  |TAMS 0x0000000086d00000, 0x0000000086d00000| Untracked 
| 110|0x0000000086e00000, 0x0000000086e00000, 0x0000000086f00000|  0%| F|  |TAMS 0x0000000086e00000, 0x0000000086e00000| Untracked 
| 111|0x0000000086f00000, 0x0000000086f00000, 0x0000000087000000|  0%| F|  |TAMS 0x0000000086f00000, 0x0000000086f00000| Untracked 
| 112|0x0000000087000000, 0x0000000087000000, 0x0000000087100000|  0%| F|  |TAMS 0x0000000087000000, 0x0000000087000000| Untracked 
| 113|0x0000000087100000, 0x0000000087100000, 0x0000000087200000|  0%| F|  |TAMS 0x0000000087100000, 0x0000000087100000| Untracked 
| 114|0x0000000087200000, 0x0000000087200000, 0x0000000087300000|  0%| F|  |TAMS 0x0000000087200000, 0x0000000087200000| Untracked 
| 115|0x0000000087300000, 0x0000000087396bf0, 0x0000000087400000| 58%| S|CS|TAMS 0x0000000087300000, 0x0000000087300000| Complete 
| 116|0x0000000087400000, 0x0000000087500000, 0x0000000087500000|100%| S|CS|TAMS 0x0000000087400000, 0x0000000087400000| Complete 
| 117|0x0000000087500000, 0x0000000087600000, 0x0000000087600000|100%| S|CS|TAMS 0x0000000087500000, 0x0000000087500000| Complete 
| 118|0x0000000087600000, 0x0000000087700000, 0x0000000087700000|100%| S|CS|TAMS 0x0000000087600000, 0x0000000087600000| Complete 
| 119|0x0000000087700000, 0x0000000087800000, 0x0000000087800000|100%| S|CS|TAMS 0x0000000087700000, 0x0000000087700000| Complete 
| 120|0x0000000087800000, 0x0000000087900000, 0x0000000087900000|100%| S|CS|TAMS 0x0000000087800000, 0x0000000087800000| Complete 
| 121|0x0000000087900000, 0x0000000087a00000, 0x0000000087a00000|100%| S|CS|TAMS 0x0000000087900000, 0x0000000087900000| Complete 
| 122|0x0000000087a00000, 0x0000000087b00000, 0x0000000087b00000|100%| S|CS|TAMS 0x0000000087a00000, 0x0000000087a00000| Complete 
| 123|0x0000000087b00000, 0x0000000087c00000, 0x0000000087c00000|100%| S|CS|TAMS 0x0000000087b00000, 0x0000000087b00000| Complete 
| 124|0x0000000087c00000, 0x0000000087c00000, 0x0000000087d00000|  0%| F|  |TAMS 0x0000000087c00000, 0x0000000087c00000| Untracked 
| 125|0x0000000087d00000, 0x0000000087d00000, 0x0000000087e00000|  0%| F|  |TAMS 0x0000000087d00000, 0x0000000087d00000| Untracked 
| 126|0x0000000087e00000, 0x0000000087e00000, 0x0000000087f00000|  0%| F|  |TAMS 0x0000000087e00000, 0x0000000087e00000| Untracked 
| 127|0x0000000087f00000, 0x0000000087f00000, 0x0000000088000000|  0%| F|  |TAMS 0x0000000087f00000, 0x0000000087f00000| Untracked 
| 128|0x0000000088000000, 0x0000000088000000, 0x0000000088100000|  0%| F|  |TAMS 0x0000000088000000, 0x0000000088000000| Untracked 
| 129|0x0000000088100000, 0x0000000088100000, 0x0000000088200000|  0%| F|  |TAMS 0x0000000088100000, 0x0000000088100000| Untracked 
| 130|0x0000000088200000, 0x0000000088200000, 0x0000000088300000|  0%| F|  |TAMS 0x0000000088200000, 0x0000000088200000| Untracked 
| 131|0x0000000088300000, 0x0000000088300000, 0x0000000088400000|  0%| F|  |TAMS 0x0000000088300000, 0x0000000088300000| Untracked 
| 132|0x0000000088400000, 0x0000000088400000, 0x0000000088500000|  0%| F|  |TAMS 0x0000000088400000, 0x0000000088400000| Untracked 
| 133|0x0000000088500000, 0x0000000088500000, 0x0000000088600000|  0%| F|  |TAMS 0x0000000088500000, 0x0000000088500000| Untracked 
| 134|0x0000000088600000, 0x0000000088600000, 0x0000000088700000|  0%| F|  |TAMS 0x0000000088600000, 0x0000000088600000| Untracked 
| 135|0x0000000088700000, 0x0000000088700000, 0x0000000088800000|  0%| F|  |TAMS 0x0000000088700000, 0x0000000088700000| Untracked 
| 136|0x0000000088800000, 0x0000000088800000, 0x0000000088900000|  0%| F|  |TAMS 0x0000000088800000, 0x0000000088800000| Untracked 
| 137|0x0000000088900000, 0x0000000088900000, 0x0000000088a00000|  0%| F|  |TAMS 0x0000000088900000, 0x0000000088900000| Untracked 
| 138|0x0000000088a00000, 0x0000000088a00000, 0x0000000088b00000|  0%| F|  |TAMS 0x0000000088a00000, 0x0000000088a00000| Untracked 
| 139|0x0000000088b00000, 0x0000000088b00000, 0x0000000088c00000|  0%| F|  |TAMS 0x0000000088b00000, 0x0000000088b00000| Untracked 
| 140|0x0000000088c00000, 0x0000000088c00000, 0x0000000088d00000|  0%| F|  |TAMS 0x0000000088c00000, 0x0000000088c00000| Untracked 
| 141|0x0000000088d00000, 0x0000000088d00000, 0x0000000088e00000|  0%| F|  |TAMS 0x0000000088d00000, 0x0000000088d00000| Untracked 
| 142|0x0000000088e00000, 0x0000000088e00000, 0x0000000088f00000|  0%| F|  |TAMS 0x0000000088e00000, 0x0000000088e00000| Untracked 
| 143|0x0000000088f00000, 0x0000000088f00000, 0x0000000089000000|  0%| F|  |TAMS 0x0000000088f00000, 0x0000000088f00000| Untracked 
| 144|0x0000000089000000, 0x0000000089000000, 0x0000000089100000|  0%| F|  |TAMS 0x0000000089000000, 0x0000000089000000| Untracked 
| 145|0x0000000089100000, 0x0000000089100000, 0x0000000089200000|  0%| F|  |TAMS 0x0000000089100000, 0x0000000089100000| Untracked 
| 146|0x0000000089200000, 0x0000000089200000, 0x0000000089300000|  0%| F|  |TAMS 0x0000000089200000, 0x0000000089200000| Untracked 
| 147|0x0000000089300000, 0x0000000089300000, 0x0000000089400000|  0%| F|  |TAMS 0x0000000089300000, 0x0000000089300000| Untracked 
| 148|0x0000000089400000, 0x0000000089400000, 0x0000000089500000|  0%| F|  |TAMS 0x0000000089400000, 0x0000000089400000| Untracked 
| 149|0x0000000089500000, 0x0000000089500000, 0x0000000089600000|  0%| F|  |TAMS 0x0000000089500000, 0x0000000089500000| Untracked 
| 150|0x0000000089600000, 0x0000000089600000, 0x0000000089700000|  0%| F|  |TAMS 0x0000000089600000, 0x0000000089600000| Untracked 
| 151|0x0000000089700000, 0x0000000089700000, 0x0000000089800000|  0%| F|  |TAMS 0x0000000089700000, 0x0000000089700000| Untracked 
| 152|0x0000000089800000, 0x0000000089800000, 0x0000000089900000|  0%| F|  |TAMS 0x0000000089800000, 0x0000000089800000| Untracked 
| 153|0x0000000089900000, 0x0000000089900000, 0x0000000089a00000|  0%| F|  |TAMS 0x0000000089900000, 0x0000000089900000| Untracked 
| 154|0x0000000089a00000, 0x0000000089a00000, 0x0000000089b00000|  0%| F|  |TAMS 0x0000000089a00000, 0x0000000089a00000| Untracked 
| 155|0x0000000089b00000, 0x0000000089b00000, 0x0000000089c00000|  0%| F|  |TAMS 0x0000000089b00000, 0x0000000089b00000| Untracked 
| 156|0x0000000089c00000, 0x0000000089c00000, 0x0000000089d00000|  0%| F|  |TAMS 0x0000000089c00000, 0x0000000089c00000| Untracked 
| 157|0x0000000089d00000, 0x0000000089d00000, 0x0000000089e00000|  0%| F|  |TAMS 0x0000000089d00000, 0x0000000089d00000| Untracked 
| 158|0x0000000089e00000, 0x0000000089e00000, 0x0000000089f00000|  0%| F|  |TAMS 0x0000000089e00000, 0x0000000089e00000| Untracked 
| 159|0x0000000089f00000, 0x0000000089f00000, 0x000000008a000000|  0%| F|  |TAMS 0x0000000089f00000, 0x0000000089f00000| Untracked 
| 160|0x000000008a000000, 0x000000008a000000, 0x000000008a100000|  0%| F|  |TAMS 0x000000008a000000, 0x000000008a000000| Untracked 
| 161|0x000000008a100000, 0x000000008a100000, 0x000000008a200000|  0%| F|  |TAMS 0x000000008a100000, 0x000000008a100000| Untracked 
| 162|0x000000008a200000, 0x000000008a200000, 0x000000008a300000|  0%| F|  |TAMS 0x000000008a200000, 0x000000008a200000| Untracked 
| 163|0x000000008a300000, 0x000000008a300000, 0x000000008a400000|  0%| F|  |TAMS 0x000000008a300000, 0x000000008a300000| Untracked 
| 164|0x000000008a400000, 0x000000008a400000, 0x000000008a500000|  0%| F|  |TAMS 0x000000008a400000, 0x000000008a400000| Untracked 
| 165|0x000000008a500000, 0x000000008a500000, 0x000000008a600000|  0%| F|  |TAMS 0x000000008a500000, 0x000000008a500000| Untracked 
| 166|0x000000008a600000, 0x000000008a600000, 0x000000008a700000|  0%| F|  |TAMS 0x000000008a600000, 0x000000008a600000| Untracked 
| 167|0x000000008a700000, 0x000000008a700000, 0x000000008a800000|  0%| F|  |TAMS 0x000000008a700000, 0x000000008a700000| Untracked 
| 168|0x000000008a800000, 0x000000008a800000, 0x000000008a900000|  0%| F|  |TAMS 0x000000008a800000, 0x000000008a800000| Untracked 
| 169|0x000000008a900000, 0x000000008a900000, 0x000000008aa00000|  0%| F|  |TAMS 0x000000008a900000, 0x000000008a900000| Untracked 
| 170|0x000000008aa00000, 0x000000008aa00000, 0x000000008ab00000|  0%| F|  |TAMS 0x000000008aa00000, 0x000000008aa00000| Untracked 
| 171|0x000000008ab00000, 0x000000008ab00000, 0x000000008ac00000|  0%| F|  |TAMS 0x000000008ab00000, 0x000000008ab00000| Untracked 
| 172|0x000000008ac00000, 0x000000008ac00000, 0x000000008ad00000|  0%| F|  |TAMS 0x000000008ac00000, 0x000000008ac00000| Untracked 
| 173|0x000000008ad00000, 0x000000008ad00000, 0x000000008ae00000|  0%| F|  |TAMS 0x000000008ad00000, 0x000000008ad00000| Untracked 
| 174|0x000000008ae00000, 0x000000008ae00000, 0x000000008af00000|  0%| F|  |TAMS 0x000000008ae00000, 0x000000008ae00000| Untracked 
| 175|0x000000008af00000, 0x000000008af00000, 0x000000008b000000|  0%| F|  |TAMS 0x000000008af00000, 0x000000008af00000| Untracked 
| 176|0x000000008b000000, 0x000000008b000000, 0x000000008b100000|  0%| F|  |TAMS 0x000000008b000000, 0x000000008b000000| Untracked 
| 177|0x000000008b100000, 0x000000008b100000, 0x000000008b200000|  0%| F|  |TAMS 0x000000008b100000, 0x000000008b100000| Untracked 
| 178|0x000000008b200000, 0x000000008b200000, 0x000000008b300000|  0%| F|  |TAMS 0x000000008b200000, 0x000000008b200000| Untracked 
| 179|0x000000008b300000, 0x000000008b300000, 0x000000008b400000|  0%| F|  |TAMS 0x000000008b300000, 0x000000008b300000| Untracked 
| 180|0x000000008b400000, 0x000000008b400000, 0x000000008b500000|  0%| F|  |TAMS 0x000000008b400000, 0x000000008b400000| Untracked 
| 181|0x000000008b500000, 0x000000008b500000, 0x000000008b600000|  0%| F|  |TAMS 0x000000008b500000, 0x000000008b500000| Untracked 
| 182|0x000000008b600000, 0x000000008b600000, 0x000000008b700000|  0%| F|  |TAMS 0x000000008b600000, 0x000000008b600000| Untracked 
| 183|0x000000008b700000, 0x000000008b700000, 0x000000008b800000|  0%| F|  |TAMS 0x000000008b700000, 0x000000008b700000| Untracked 
| 184|0x000000008b800000, 0x000000008b800000, 0x000000008b900000|  0%| F|  |TAMS 0x000000008b800000, 0x000000008b800000| Untracked 
| 185|0x000000008b900000, 0x000000008b900000, 0x000000008ba00000|  0%| F|  |TAMS 0x000000008b900000, 0x000000008b900000| Untracked 
| 186|0x000000008ba00000, 0x000000008ba00000, 0x000000008bb00000|  0%| F|  |TAMS 0x000000008ba00000, 0x000000008ba00000| Untracked 
| 187|0x000000008bb00000, 0x000000008bb00000, 0x000000008bc00000|  0%| F|  |TAMS 0x000000008bb00000, 0x000000008bb00000| Untracked 
| 188|0x000000008bc00000, 0x000000008bc00000, 0x000000008bd00000|  0%| F|  |TAMS 0x000000008bc00000, 0x000000008bc00000| Untracked 
| 189|0x000000008bd00000, 0x000000008bd00000, 0x000000008be00000|  0%| F|  |TAMS 0x000000008bd00000, 0x000000008bd00000| Untracked 
| 190|0x000000008be00000, 0x000000008be00000, 0x000000008bf00000|  0%| F|  |TAMS 0x000000008be00000, 0x000000008be00000| Untracked 
| 191|0x000000008bf00000, 0x000000008bf00000, 0x000000008c000000|  0%| F|  |TAMS 0x000000008bf00000, 0x000000008bf00000| Untracked 
| 192|0x000000008c000000, 0x000000008c000000, 0x000000008c100000|  0%| F|  |TAMS 0x000000008c000000, 0x000000008c000000| Untracked 
| 193|0x000000008c100000, 0x000000008c100000, 0x000000008c200000|  0%| F|  |TAMS 0x000000008c100000, 0x000000008c100000| Untracked 
| 194|0x000000008c200000, 0x000000008c200000, 0x000000008c300000|  0%| F|  |TAMS 0x000000008c200000, 0x000000008c200000| Untracked 
| 195|0x000000008c300000, 0x000000008c300000, 0x000000008c400000|  0%| F|  |TAMS 0x000000008c300000, 0x000000008c300000| Untracked 
| 196|0x000000008c400000, 0x000000008c400000, 0x000000008c500000|  0%| F|  |TAMS 0x000000008c400000, 0x000000008c400000| Untracked 
| 197|0x000000008c500000, 0x000000008c500000, 0x000000008c600000|  0%| F|  |TAMS 0x000000008c500000, 0x000000008c500000| Untracked 
| 198|0x000000008c600000, 0x000000008c600000, 0x000000008c700000|  0%| F|  |TAMS 0x000000008c600000, 0x000000008c600000| Untracked 
| 199|0x000000008c700000, 0x000000008c765dc8, 0x000000008c800000| 39%| E|  |TAMS 0x000000008c700000, 0x000000008c700000| Complete 
| 200|0x000000008c800000, 0x000000008c900000, 0x000000008c900000|100%| E|CS|TAMS 0x000000008c800000, 0x000000008c800000| Complete 
| 201|0x000000008c900000, 0x000000008ca00000, 0x000000008ca00000|100%| E|CS|TAMS 0x000000008c900000, 0x000000008c900000| Complete 
| 202|0x000000008ca00000, 0x000000008cb00000, 0x000000008cb00000|100%| E|CS|TAMS 0x000000008ca00000, 0x000000008ca00000| Complete 
| 203|0x000000008cb00000, 0x000000008cc00000, 0x000000008cc00000|100%| E|CS|TAMS 0x000000008cb00000, 0x000000008cb00000| Complete 
| 204|0x000000008cc00000, 0x000000008cd00000, 0x000000008cd00000|100%| E|CS|TAMS 0x000000008cc00000, 0x000000008cc00000| Complete 
| 205|0x000000008cd00000, 0x000000008ce00000, 0x000000008ce00000|100%| E|CS|TAMS 0x000000008cd00000, 0x000000008cd00000| Complete 
| 206|0x000000008ce00000, 0x000000008cf00000, 0x000000008cf00000|100%| E|CS|TAMS 0x000000008ce00000, 0x000000008ce00000| Complete 
| 207|0x000000008cf00000, 0x000000008d000000, 0x000000008d000000|100%| E|CS|TAMS 0x000000008cf00000, 0x000000008cf00000| Complete 
| 208|0x000000008d000000, 0x000000008d100000, 0x000000008d100000|100%| E|CS|TAMS 0x000000008d000000, 0x000000008d000000| Complete 
| 209|0x000000008d100000, 0x000000008d200000, 0x000000008d200000|100%| E|CS|TAMS 0x000000008d100000, 0x000000008d100000| Complete 
| 210|0x000000008d200000, 0x000000008d300000, 0x000000008d300000|100%| E|CS|TAMS 0x000000008d200000, 0x000000008d200000| Complete 
| 211|0x000000008d300000, 0x000000008d400000, 0x000000008d400000|100%| E|CS|TAMS 0x000000008d300000, 0x000000008d300000| Complete 
| 212|0x000000008d400000, 0x000000008d500000, 0x000000008d500000|100%| E|CS|TAMS 0x000000008d400000, 0x000000008d400000| Complete 
| 213|0x000000008d500000, 0x000000008d600000, 0x000000008d600000|100%| E|CS|TAMS 0x000000008d500000, 0x000000008d500000| Complete 
| 214|0x000000008d600000, 0x000000008d700000, 0x000000008d700000|100%| E|CS|TAMS 0x000000008d600000, 0x000000008d600000| Complete 
| 215|0x000000008d700000, 0x000000008d800000, 0x000000008d800000|100%| E|CS|TAMS 0x000000008d700000, 0x000000008d700000| Complete 
| 216|0x000000008d800000, 0x000000008d900000, 0x000000008d900000|100%| E|CS|TAMS 0x000000008d800000, 0x000000008d800000| Complete 
| 217|0x000000008d900000, 0x000000008da00000, 0x000000008da00000|100%| E|CS|TAMS 0x000000008d900000, 0x000000008d900000| Complete 
| 218|0x000000008da00000, 0x000000008db00000, 0x000000008db00000|100%| E|CS|TAMS 0x000000008da00000, 0x000000008da00000| Complete 
| 219|0x000000008db00000, 0x000000008dc00000, 0x000000008dc00000|100%| E|CS|TAMS 0x000000008db00000, 0x000000008db00000| Complete 
| 220|0x000000008dc00000, 0x000000008dd00000, 0x000000008dd00000|100%| E|  |TAMS 0x000000008dc00000, 0x000000008dc00000| Complete 
| 221|0x000000008dd00000, 0x000000008de00000, 0x000000008de00000|100%| E|CS|TAMS 0x000000008dd00000, 0x000000008dd00000| Complete 
| 222|0x000000008de00000, 0x000000008df00000, 0x000000008df00000|100%| E|CS|TAMS 0x000000008de00000, 0x000000008de00000| Complete 
| 223|0x000000008df00000, 0x000000008e000000, 0x000000008e000000|100%| E|CS|TAMS 0x000000008df00000, 0x000000008df00000| Complete 
| 224|0x000000008e000000, 0x000000008e100000, 0x000000008e100000|100%| E|CS|TAMS 0x000000008e000000, 0x000000008e000000| Complete 
| 225|0x000000008e100000, 0x000000008e200000, 0x000000008e200000|100%| E|CS|TAMS 0x000000008e100000, 0x000000008e100000| Complete 
| 226|0x000000008e200000, 0x000000008e300000, 0x000000008e300000|100%| E|CS|TAMS 0x000000008e200000, 0x000000008e200000| Complete 
| 227|0x000000008e300000, 0x000000008e400000, 0x000000008e400000|100%| E|CS|TAMS 0x000000008e300000, 0x000000008e300000| Complete 
| 228|0x000000008e400000, 0x000000008e500000, 0x000000008e500000|100%| E|CS|TAMS 0x000000008e400000, 0x000000008e400000| Complete 
| 229|0x000000008e500000, 0x000000008e600000, 0x000000008e600000|100%| E|CS|TAMS 0x000000008e500000, 0x000000008e500000| Complete 
| 230|0x000000008e600000, 0x000000008e700000, 0x000000008e700000|100%| E|CS|TAMS 0x000000008e600000, 0x000000008e600000| Complete 
| 231|0x000000008e700000, 0x000000008e800000, 0x000000008e800000|100%| E|CS|TAMS 0x000000008e700000, 0x000000008e700000| Complete 
| 232|0x000000008e800000, 0x000000008e900000, 0x000000008e900000|100%| E|CS|TAMS 0x000000008e800000, 0x000000008e800000| Complete 
| 233|0x000000008e900000, 0x000000008ea00000, 0x000000008ea00000|100%| E|CS|TAMS 0x000000008e900000, 0x000000008e900000| Complete 
| 234|0x000000008ea00000, 0x000000008eb00000, 0x000000008eb00000|100%| E|CS|TAMS 0x000000008ea00000, 0x000000008ea00000| Complete 
| 235|0x000000008eb00000, 0x000000008ec00000, 0x000000008ec00000|100%| E|CS|TAMS 0x000000008eb00000, 0x000000008eb00000| Complete 
| 236|0x000000008ec00000, 0x000000008ed00000, 0x000000008ed00000|100%| E|CS|TAMS 0x000000008ec00000, 0x000000008ec00000| Complete 
| 237|0x000000008ed00000, 0x000000008ee00000, 0x000000008ee00000|100%| E|CS|TAMS 0x000000008ed00000, 0x000000008ed00000| Complete 
| 238|0x000000008ee00000, 0x000000008ef00000, 0x000000008ef00000|100%| E|CS|TAMS 0x000000008ee00000, 0x000000008ee00000| Complete 
| 239|0x000000008ef00000, 0x000000008f000000, 0x000000008f000000|100%| E|CS|TAMS 0x000000008ef00000, 0x000000008ef00000| Complete 
| 240|0x000000008f000000, 0x000000008f100000, 0x000000008f100000|100%| E|CS|TAMS 0x000000008f000000, 0x000000008f000000| Complete 
| 241|0x000000008f100000, 0x000000008f200000, 0x000000008f200000|100%| E|CS|TAMS 0x000000008f100000, 0x000000008f100000| Complete 
| 242|0x000000008f200000, 0x000000008f300000, 0x000000008f300000|100%| E|CS|TAMS 0x000000008f200000, 0x000000008f200000| Complete 
| 243|0x000000008f300000, 0x000000008f400000, 0x000000008f400000|100%| E|CS|TAMS 0x000000008f300000, 0x000000008f300000| Complete 
| 244|0x000000008f400000, 0x000000008f500000, 0x000000008f500000|100%| E|CS|TAMS 0x000000008f400000, 0x000000008f400000| Complete 
| 245|0x000000008f500000, 0x000000008f600000, 0x000000008f600000|100%| E|CS|TAMS 0x000000008f500000, 0x000000008f500000| Complete 
| 246|0x000000008f600000, 0x000000008f700000, 0x000000008f700000|100%| E|CS|TAMS 0x000000008f600000, 0x000000008f600000| Complete 
| 247|0x000000008f700000, 0x000000008f800000, 0x000000008f800000|100%| E|CS|TAMS 0x000000008f700000, 0x000000008f700000| Complete 
| 248|0x000000008f800000, 0x000000008f900000, 0x000000008f900000|100%| E|CS|TAMS 0x000000008f800000, 0x000000008f800000| Complete 
| 249|0x000000008f900000, 0x000000008fa00000, 0x000000008fa00000|100%| E|CS|TAMS 0x000000008f900000, 0x000000008f900000| Complete 
| 250|0x000000008fa00000, 0x000000008fb00000, 0x000000008fb00000|100%| E|CS|TAMS 0x000000008fa00000, 0x000000008fa00000| Complete 
| 251|0x000000008fb00000, 0x000000008fc00000, 0x000000008fc00000|100%| E|CS|TAMS 0x000000008fb00000, 0x000000008fb00000| Complete 
| 252|0x000000008fc00000, 0x000000008fd00000, 0x000000008fd00000|100%| E|CS|TAMS 0x000000008fc00000, 0x000000008fc00000| Complete 
| 253|0x000000008fd00000, 0x000000008fe00000, 0x000000008fe00000|100%| E|CS|TAMS 0x000000008fd00000, 0x000000008fd00000| Complete 

Card table byte_map: [0x000001a33d6b0000,0x000001a33dab0000] _byte_map_base: 0x000001a33d2b0000

Marking Bits (Prev, Next): (CMBitMap*) 0x000001a32a4ce110, (CMBitMap*) 0x000001a32a4ce0d8
 Prev Bits: [0x000001a33feb0000, 0x000001a341eb0000)
 Next Bits: [0x000001a33deb0000, 0x000001a33feb0000)

Polling page: 0x000001a328410000

Metaspace:

Usage:
  Non-class:     92.01 MB capacity,    90.36 MB ( 98%) used,     1.35 MB (  1%) free+waste,   300.50 KB ( <1%) overhead. 
      Class:     13.70 MB capacity,    12.80 MB ( 93%) used,   786.11 KB (  6%) free+waste,   131.13 KB ( <1%) overhead. 
       Both:    105.71 MB capacity,   103.17 MB ( 98%) used,     2.12 MB (  2%) free+waste,   431.63 KB ( <1%) overhead. 

Virtual space:
  Non-class space:       94.00 MB reserved,      92.03 MB ( 98%) committed 
      Class space:        1.00 GB reserved,      13.82 MB (  1%) committed 
             Both:        1.09 GB reserved,     105.86 MB (  9%) committed 

Chunk freelists:
   Non-Class:  23.00 KB
       Class:  8.00 KB
        Both:  31.00 KB

MaxMetaspaceSize: 17179869184.00 GB
CompressedClassSpaceSize: 1.00 GB

CodeHeap 'non-profiled nmethods': size=120000Kb used=8961Kb max_used=8961Kb free=111038Kb
 bounds [0x000001a335a50000, 0x000001a336320000, 0x000001a33cf80000]
CodeHeap 'profiled nmethods': size=120000Kb used=33692Kb max_used=33692Kb free=86307Kb
 bounds [0x000001a32e520000, 0x000001a330610000, 0x000001a335a50000]
CodeHeap 'non-nmethods': size=5760Kb used=2333Kb max_used=2386Kb free=3426Kb
 bounds [0x000001a32df80000, 0x000001a32e1f0000, 0x000001a32e520000]
 total_blobs=16079 nmethods=15119 adapters=871
 compilation: enabled
              stopped_count=0, restarted_count=0
 full_count=0

Compilation events (20 events):
Event: 92.735 Thread 0x000001a3451c5000 15337       4       com.google.common.collect.MapMakerInternalMap$Segment::getFirst (21 bytes)
Event: 92.738 Thread 0x000001a3451c5000 nmethod 15337 0x000001a336310010 code [0x000001a3363101a0, 0x000001a3363102b8]
Event: 92.738 Thread 0x000001a3451c6800 nmethod 15336 0x000001a330600e10 code [0x000001a330601180, 0x000001a330602928]
Event: 92.738 Thread 0x000001a3451c6800 15338       3       org.gradle.api.internal.file.collections.ProviderBackedFileCollection::visitChildren (33 bytes)
Event: 92.739 Thread 0x000001a3451c6800 nmethod 15338 0x000001a330603090 code [0x000001a330603280, 0x000001a3306035a8]
Event: 92.739 Thread 0x000001a3451c5000 15339       4       java.util.Collections$SingletonList::iterator (8 bytes)
Event: 92.741 Thread 0x000001a3451c5000 nmethod 15339 0x000001a336310410 code [0x000001a3363105a0, 0x000001a336310678]
Event: 92.741 Thread 0x000001a3451c5000 15340       4       java.io.StringWriter::write (14 bytes)
Event: 92.741 Thread 0x000001a3451c6800 15341       3       java.util.IdentityHashMap::init (11 bytes)
Event: 92.741 Thread 0x000001a3451c6800 nmethod 15341 0x000001a330603710 code [0x000001a3306038c0, 0x000001a330603ab8]
Event: 92.743 Thread 0x000001a3451c6800 15343       3       org.gradle.api.internal.artifacts.ivyservice.dependencysubstitution.DefaultDependencySubstitutions$1::using (7 bytes)
Event: 92.744 Thread 0x000001a3451c6800 nmethod 15343 0x000001a330603b90 code [0x000001a330603d40, 0x000001a330603e88]
Event: 92.744 Thread 0x000001a3451c6800 15344       3       org.gradle.api.internal.artifacts.ivyservice.dependencysubstitution.DefaultDependencySubstitutions$1::with (143 bytes)
Event: 92.746 Thread 0x000001a3451c6800 nmethod 15344 0x000001a330603f90 code [0x000001a330604300, 0x000001a330605fe8]
Event: 92.746 Thread 0x000001a3451c6800 15345       3       org.gradle.api.internal.artifacts.ivyservice.dependencysubstitution.DefaultDependencySubstitutions$1::<init> (36 bytes)
Event: 92.747 Thread 0x000001a3451c6800 nmethod 15345 0x000001a330606790 code [0x000001a330606960, 0x000001a330606db8]
Event: 92.747 Thread 0x000001a3451c6800 15346       3       org.gradle.api.internal.artifacts.ivyservice.dependencysubstitution.DefaultDependencySubstitutions::substitute (10 bytes)
Event: 92.747 Thread 0x000001a3451c6800 nmethod 15346 0x000001a330606f10 code [0x000001a3306070c0, 0x000001a330607268]
Event: 92.747 Thread 0x000001a34d583800 15347       4       org.gradle.cache.Cache::get (14 bytes)
Event: 92.750 Thread 0x000001a3451c6800 15350       3       org.gradle.internal.build.event.DefaultBuildEventsListenerRegistry$ForwardingBuildEventConsumer::handle (9 bytes)

GC Heap History (20 events):
Event: 5.786 GC heap before
{Heap before GC invocations=3 (full 0):
 garbage-first heap   total 260096K, used 79023K [0x0000000080000000, 0x0000000100000000)
  region size 1024K, 72 young (73728K), 11 survivors (11264K)
 Metaspace       used 26465K, capacity 27193K, committed 27392K, reserved 1073152K
  class space    used 3482K, capacity 3754K, committed 3840K, reserved 1048576K
}
Event: 5.800 GC heap after
{Heap after GC invocations=4 (full 0):
 garbage-first heap   total 260096K, used 18426K [0x0000000080000000, 0x0000000100000000)
  region size 1024K, 3 young (3072K), 3 survivors (3072K)
 Metaspace       used 26465K, capacity 27193K, committed 27392K, reserved 1073152K
  class space    used 3482K, capacity 3754K, committed 3840K, reserved 1048576K
}
Event: 6.916 GC heap before
{Heap before GC invocations=4 (full 0):
 garbage-first heap   total 260096K, used 68602K [0x0000000080000000, 0x0000000100000000)
  region size 1024K, 53 young (54272K), 3 survivors (3072K)
 Metaspace       used 35050K, capacity 35822K, committed 35840K, reserved 1081344K
  class space    used 4540K, capacity 4864K, committed 4864K, reserved 1048576K
}
Event: 6.927 GC heap after
{Heap after GC invocations=5 (full 0):
 garbage-first heap   total 260096K, used 21640K [0x0000000080000000, 0x0000000100000000)
  region size 1024K, 6 young (6144K), 6 survivors (6144K)
 Metaspace       used 35050K, capacity 35822K, committed 35840K, reserved 1081344K
  class space    used 4540K, capacity 4864K, committed 4864K, reserved 1048576K
}
Event: 9.328 GC heap before
{Heap before GC invocations=6 (full 0):
 garbage-first heap   total 260096K, used 147592K [0x0000000080000000, 0x0000000100000000)
  region size 1024K, 126 young (129024K), 6 survivors (6144K)
 Metaspace       used 44955K, capacity 46056K, committed 46156K, reserved 1089536K
  class space    used 5775K, capacity 6156K, committed 6220K, reserved 1048576K
}
Event: 9.341 GC heap after
{Heap after GC invocations=7 (full 0):
 garbage-first heap   total 260096K, used 28706K [0x0000000080000000, 0x0000000100000000)
  region size 1024K, 13 young (13312K), 13 survivors (13312K)
 Metaspace       used 44955K, capacity 46056K, committed 46156K, reserved 1089536K
  class space    used 5775K, capacity 6156K, committed 6220K, reserved 1048576K
}
Event: 12.828 GC heap before
{Heap before GC invocations=7 (full 0):
 garbage-first heap   total 260096K, used 172066K [0x0000000080000000, 0x0000000100000000)
  region size 1024K, 147 young (150528K), 13 survivors (13312K)
 Metaspace       used 58703K, capacity 60104K, committed 60236K, reserved 1101824K
  class space    used 7405K, capacity 7934K, committed 8012K, reserved 1048576K
}
Event: 12.870 GC heap after
{Heap after GC invocations=8 (full 0):
 garbage-first heap   total 260096K, used 48427K [0x0000000080000000, 0x0000000100000000)
  region size 1024K, 19 young (19456K), 19 survivors (19456K)
 Metaspace       used 58703K, capacity 60104K, committed 60236K, reserved 1101824K
  class space    used 7405K, capacity 7934K, committed 8012K, reserved 1048576K
}
Event: 15.662 GC heap before
{Heap before GC invocations=9 (full 0):
 garbage-first heap   total 260096K, used 184619K [0x0000000080000000, 0x0000000100000000)
  region size 1024K, 152 young (155648K), 19 survivors (19456K)
 Metaspace       used 70248K, capacity 71903K, committed 72012K, reserved 1112064K
  class space    used 8936K, capacity 9525K, committed 9548K, reserved 1048576K
}
Event: 15.683 GC heap after
{Heap after GC invocations=10 (full 0):
 garbage-first heap   total 260096K, used 58918K [0x0000000080000000, 0x0000000100000000)
  region size 1024K, 11 young (11264K), 11 survivors (11264K)
 Metaspace       used 70248K, capacity 71903K, committed 72012K, reserved 1112064K
  class space    used 8936K, capacity 9525K, committed 9548K, reserved 1048576K
}
Event: 19.093 GC heap before
{Heap before GC invocations=10 (full 0):
 garbage-first heap   total 260096K, used 196134K [0x0000000080000000, 0x0000000100000000)
  region size 1024K, 145 young (148480K), 11 survivors (11264K)
 Metaspace       used 84167K, capacity 86137K, committed 86348K, reserved 1124352K
  class space    used 10851K, capacity 11577K, committed 11596K, reserved 1048576K
}
Event: 19.117 GC heap after
{Heap after GC invocations=11 (full 0):
 garbage-first heap   total 260096K, used 69998K [0x0000000080000000, 0x0000000100000000)
  region size 1024K, 11 young (11264K), 11 survivors (11264K)
 Metaspace       used 84167K, capacity 86137K, committed 86348K, reserved 1124352K
  class space    used 10851K, capacity 11577K, committed 11596K, reserved 1048576K
}
Event: 22.253 GC heap before
{Heap before GC invocations=11 (full 0):
 garbage-first heap   total 260096K, used 216430K [0x0000000080000000, 0x0000000100000000)
  region size 1024K, 138 young (141312K), 11 survivors (11264K)
 Metaspace       used 89264K, capacity 91329K, committed 91596K, reserved 1128448K
  class space    used 11405K, capacity 12202K, committed 12236K, reserved 1048576K
}
Event: 22.278 GC heap after
{Heap after GC invocations=12 (full 0):
 garbage-first heap   total 260096K, used 76037K [0x0000000080000000, 0x0000000100000000)
  region size 1024K, 6 young (6144K), 6 survivors (6144K)
 Metaspace       used 89264K, capacity 91329K, committed 91596K, reserved 1128448K
  class space    used 11405K, capacity 12202K, committed 12236K, reserved 1048576K
}
Event: 24.824 GC heap before
{Heap before GC invocations=12 (full 0):
 garbage-first heap   total 260096K, used 203013K [0x0000000080000000, 0x0000000100000000)
  region size 1024K, 131 young (134144K), 6 survivors (6144K)
 Metaspace       used 93742K, capacity 95903K, committed 96204K, reserved 1132544K
  class space    used 11915K, capacity 12701K, committed 12748K, reserved 1048576K
}
Event: 24.839 GC heap after
{Heap after GC invocations=13 (full 0):
 garbage-first heap   total 260096K, used 82046K [0x0000000080000000, 0x0000000100000000)
  region size 1024K, 12 young (12288K), 12 survivors (12288K)
 Metaspace       used 93742K, capacity 95903K, committed 96204K, reserved 1132544K
  class space    used 11915K, capacity 12701K, committed 12748K, reserved 1048576K
}
Event: 30.605 GC heap before
{Heap before GC invocations=13 (full 0):
 garbage-first heap   total 260096K, used 188542K [0x0000000080000000, 0x0000000100000000)
  region size 1024K, 118 young (120832K), 12 survivors (12288K)
 Metaspace       used 98530K, capacity 100704K, committed 100820K, reserved 1136640K
  class space    used 12461K, capacity 13273K, committed 13388K, reserved 1048576K
}
Event: 30.623 GC heap after
{Heap after GC invocations=14 (full 0):
 garbage-first heap   total 260096K, used 89067K [0x0000000080000000, 0x0000000100000000)
  region size 1024K, 14 young (14336K), 14 survivors (14336K)
 Metaspace       used 98530K, capacity 100704K, committed 100820K, reserved 1136640K
  class space    used 12461K, capacity 13273K, committed 13388K, reserved 1048576K
}
Event: 81.679 GC heap before
{Heap before GC invocations=15 (full 0):
 garbage-first heap   total 260096K, used 206827K [0x0000000080000000, 0x0000000100000000)
  region size 1024K, 130 young (133120K), 14 survivors (14336K)
 Metaspace       used 105172K, capacity 107767K, committed 108140K, reserved 1142784K
  class space    used 13104K, capacity 14034K, committed 14156K, reserved 1048576K
}
Event: 81.703 GC heap after
{Heap after GC invocations=16 (full 0):
 garbage-first heap   total 260096K, used 90414K [0x0000000080000000, 0x0000000100000000)
  region size 1024K, 9 young (9216K), 9 survivors (9216K)
 Metaspace       used 105172K, capacity 107767K, committed 108140K, reserved 1142784K
  class space    used 13104K, capacity 14034K, committed 14156K, reserved 1048576K
}

Deoptimization events (20 events):
Event: 85.797 Thread 0x000001a34cb67000 Uncommon trap: trap_request=0xffffff4d fr.pc=0x000001a3360f1dd4 relative=0x0000000000000674
Event: 85.797 Thread 0x000001a34cb67000 Uncommon trap: reason=unstable_if action=reinterpret pc=0x000001a3360f1dd4 method=com.esotericsoftware.kryo.io.Output.writeUtf8Length(I)V @ 42 c2
Event: 85.797 Thread 0x000001a34cb67000 DEOPT PACKING pc=0x000001a3360f1dd4 sp=0x000000243a5fe880
Event: 85.797 Thread 0x000001a34cb67000 DEOPT UNPACKING pc=0x000001a32dfa78af sp=0x000000243a5fe848 mode 2
Event: 92.709 Thread 0x000001a34a859800 Uncommon trap: trap_request=0xffffffbe fr.pc=0x000001a33630fefc relative=0x000000000000005c
Event: 92.709 Thread 0x000001a34a859800 Uncommon trap: reason=profile_predicate action=maybe_recompile pc=0x000001a33630fefc method=jdk.nio.zipfs.ZipPath.getResolved()[B @ 8 c2
Event: 92.709 Thread 0x000001a34a859800 DEOPT PACKING pc=0x000001a33630fefc sp=0x000000243eef9e70
Event: 92.709 Thread 0x000001a34a859800 DEOPT UNPACKING pc=0x000001a32dfa78af sp=0x000000243eef9df8 mode 2
Event: 92.709 Thread 0x000001a34a859800 Uncommon trap: trap_request=0xffffffbe fr.pc=0x000001a33630fefc relative=0x000000000000005c
Event: 92.709 Thread 0x000001a34a859800 Uncommon trap: reason=profile_predicate action=maybe_recompile pc=0x000001a33630fefc method=jdk.nio.zipfs.ZipPath.getResolved()[B @ 8 c2
Event: 92.709 Thread 0x000001a34a859800 DEOPT PACKING pc=0x000001a33630fefc sp=0x000000243eef9c30
Event: 92.709 Thread 0x000001a34a859800 DEOPT UNPACKING pc=0x000001a32dfa78af sp=0x000000243eef9bb8 mode 2
Event: 92.709 Thread 0x000001a34a859800 Uncommon trap: trap_request=0xffffffbe fr.pc=0x000001a33630fefc relative=0x000000000000005c
Event: 92.709 Thread 0x000001a34a859800 Uncommon trap: reason=profile_predicate action=maybe_recompile pc=0x000001a33630fefc method=jdk.nio.zipfs.ZipPath.getResolved()[B @ 8 c2
Event: 92.709 Thread 0x000001a34a859800 DEOPT PACKING pc=0x000001a33630fefc sp=0x000000243eef9c30
Event: 92.709 Thread 0x000001a34a859800 DEOPT UNPACKING pc=0x000001a32dfa78af sp=0x000000243eef9bb8 mode 2
Event: 92.710 Thread 0x000001a34a859800 Uncommon trap: trap_request=0xffffffbe fr.pc=0x000001a33630fefc relative=0x000000000000005c
Event: 92.710 Thread 0x000001a34a859800 Uncommon trap: reason=profile_predicate action=maybe_recompile pc=0x000001a33630fefc method=jdk.nio.zipfs.ZipPath.getResolved()[B @ 8 c2
Event: 92.710 Thread 0x000001a34a859800 DEOPT PACKING pc=0x000001a33630fefc sp=0x000000243eef9c30
Event: 92.710 Thread 0x000001a34a859800 DEOPT UNPACKING pc=0x000001a32dfa78af sp=0x000000243eef9bb8 mode 2

Classes redefined (0 events):
No events

Internal exceptions (20 events):
Event: 92.665 Thread 0x000001a34a859800 Exception <a 'sun/nio/fs/WindowsException'{0x000000008cac4d38}> (0x000000008cac4d38) thrown at [./src/hotspot/share/prims/jni.cpp, line 615]
Event: 92.669 Thread 0x000001a34a859800 Exception <a 'sun/nio/fs/WindowsException'{0x000000008cac8fd0}> (0x000000008cac8fd0) thrown at [./src/hotspot/share/prims/jni.cpp, line 615]
Event: 92.676 Thread 0x000001a34a859800 Exception <a 'sun/nio/fs/WindowsException'{0x000000008cacd250}> (0x000000008cacd250) thrown at [./src/hotspot/share/prims/jni.cpp, line 615]
Event: 92.677 Thread 0x000001a34a859800 Exception <a 'sun/nio/fs/WindowsException'{0x000000008cad04c0}> (0x000000008cad04c0) thrown at [./src/hotspot/share/prims/jni.cpp, line 615]
Event: 92.679 Thread 0x000001a34a859800 Exception <a 'sun/nio/fs/WindowsException'{0x000000008cad3750}> (0x000000008cad3750) thrown at [./src/hotspot/share/prims/jni.cpp, line 615]
Event: 92.681 Thread 0x000001a34a859800 Exception <a 'sun/nio/fs/WindowsException'{0x000000008cadec78}> (0x000000008cadec78) thrown at [./src/hotspot/share/prims/jni.cpp, line 615]
Event: 92.683 Thread 0x000001a34a859800 Exception <a 'sun/nio/fs/WindowsException'{0x000000008cae1f40}> (0x000000008cae1f40) thrown at [./src/hotspot/share/prims/jni.cpp, line 615]
Event: 92.685 Thread 0x000001a34a859800 Exception <a 'sun/nio/fs/WindowsException'{0x000000008cae51f0}> (0x000000008cae51f0) thrown at [./src/hotspot/share/prims/jni.cpp, line 615]
Event: 92.688 Thread 0x000001a34a859800 Exception <a 'sun/nio/fs/WindowsException'{0x000000008cae9448}> (0x000000008cae9448) thrown at [./src/hotspot/share/prims/jni.cpp, line 615]
Event: 92.690 Thread 0x000001a34a859800 Exception <a 'sun/nio/fs/WindowsException'{0x000000008caee5f0}> (0x000000008caee5f0) thrown at [./src/hotspot/share/prims/jni.cpp, line 615]
Event: 92.691 Thread 0x000001a34a859800 Exception <a 'sun/nio/fs/WindowsException'{0x000000008caf1838}> (0x000000008caf1838) thrown at [./src/hotspot/share/prims/jni.cpp, line 615]
Event: 92.693 Thread 0x000001a34a859800 Exception <a 'sun/nio/fs/WindowsException'{0x000000008cafcab8}> (0x000000008cafcab8) thrown at [./src/hotspot/share/prims/jni.cpp, line 615]
Event: 92.694 Thread 0x000001a34a859800 Exception <a 'sun/nio/fs/WindowsException'{0x000000008c900130}> (0x000000008c900130) thrown at [./src/hotspot/share/prims/jni.cpp, line 615]
Event: 92.695 Thread 0x000001a34a859800 Exception <a 'sun/nio/fs/WindowsException'{0x000000008c903630}> (0x000000008c903630) thrown at [./src/hotspot/share/prims/jni.cpp, line 615]
Event: 92.696 Thread 0x000001a34a859800 Exception <a 'sun/nio/fs/WindowsException'{0x000000008c9068b8}> (0x000000008c9068b8) thrown at [./src/hotspot/share/prims/jni.cpp, line 615]
Event: 92.697 Thread 0x000001a34a859800 Exception <a 'sun/nio/fs/WindowsException'{0x000000008c90ac18}> (0x000000008c90ac18) thrown at [./src/hotspot/share/prims/jni.cpp, line 615]
Event: 92.699 Thread 0x000001a34a859800 Exception <a 'sun/nio/fs/WindowsException'{0x000000008c90edf0}> (0x000000008c90edf0) thrown at [./src/hotspot/share/prims/jni.cpp, line 615]
Event: 92.710 Thread 0x000001a34a859800 Exception <a 'sun/nio/fs/WindowsException'{0x000000008c91dd70}> (0x000000008c91dd70) thrown at [./src/hotspot/share/prims/jni.cpp, line 615]
Event: 92.714 Thread 0x000001a34a859800 Exception <a 'sun/nio/fs/WindowsException'{0x000000008c922f50}> (0x000000008c922f50) thrown at [./src/hotspot/share/prims/jni.cpp, line 615]
Event: 92.734 Thread 0x000001a34a859800 Exception <a 'java/lang/reflect/InvocationTargetException'{0x000000008c937470}> (0x000000008c937470) thrown at [./src/hotspot/share/runtime/reflection.cpp, line 1247]

Events (20 events):
Event: 92.461 loading class org/jetbrains/kotlin/cli/common/messages/PlainTextMessageRenderer done
Event: 92.463 loading class org/jetbrains/kotlin/cli/common/messages/MessageRenderer$2
Event: 92.463 loading class org/jetbrains/kotlin/cli/common/messages/MessageRenderer$2 done
Event: 92.463 loading class org/jetbrains/kotlin/cli/common/messages/MessageRenderer$3
Event: 92.463 loading class org/jetbrains/kotlin/cli/common/messages/MessageRenderer$3 done
Event: 92.464 loading class org/jetbrains/kotlin/cli/common/messages/MessageRenderer$4
Event: 92.464 loading class org/jetbrains/kotlin/cli/common/messages/MessageRenderer$4 done
Event: 92.469 loading class org/jetbrains/kotlin/compilerRunner/ReportUtilsKt$runToolInSeparateProcess$readErrThread$1
Event: 92.469 loading class org/jetbrains/kotlin/compilerRunner/ReportUtilsKt$runToolInSeparateProcess$readErrThread$1 done
Event: 92.470 Thread 0x000001a34c6e4800 Thread added: 0x000001a34c6e4800
Event: 92.471 loading class org/jetbrains/kotlin/compilerRunner/ReportUtilsKt$runToolInSeparateProcess$1
Event: 92.471 loading class org/jetbrains/kotlin/compilerRunner/ReportUtilsKt$runToolInSeparateProcess$1 done
Event: 92.471 loading class org/jetbrains/kotlin/compilerRunner/ReportUtilsKt$runToolInSeparateProcess$readErrThread$1$1
Event: 92.471 loading class org/jetbrains/kotlin/compilerRunner/ReportUtilsKt$runToolInSeparateProcess$readErrThread$1$1 done
Event: 92.532 Executing VM operation: RevokeBias
Event: 92.533 Executing VM operation: RevokeBias done
Event: 92.533 Executing VM operation: RevokeBias
Event: 92.533 Executing VM operation: RevokeBias done
Event: 92.533 Thread 0x000001a34c6e4800 Thread exited: 0x000001a34c6e4800
Event: 92.747 Thread 0x000001a34d583800 Thread added: 0x000001a34d583800


Dynamic libraries:
0x00007ff61f000000 - 0x00007ff61f00a000 	C:\Program Files\Android\Android Studio\jre\bin\java.exe
0x00007ff9be650000 - 0x00007ff9be845000 	C:\WINDOWS\SYSTEM32\ntdll.dll
0x00007ff9bd3e0000 - 0x00007ff9bd49e000 	C:\WINDOWS\System32\KERNEL32.DLL
0x00007ff9bbf80000 - 0x00007ff9bc248000 	C:\WINDOWS\System32\KERNELBASE.dll
0x00007ff9bbe80000 - 0x00007ff9bbf80000 	C:\WINDOWS\System32\ucrtbase.dll
0x00007ff9b1670000 - 0x00007ff9b1687000 	C:\Program Files\Android\Android Studio\jre\bin\VCRUNTIME140.dll
0x00007ff9b1650000 - 0x00007ff9b1669000 	C:\Program Files\Android\Android Studio\jre\bin\jli.dll
0x00007ff9be230000 - 0x00007ff9be3d1000 	C:\WINDOWS\System32\USER32.dll
0x00007ff9bbdf0000 - 0x00007ff9bbe12000 	C:\WINDOWS\System32\win32u.dll
0x00007ff9a5cf0000 - 0x00007ff9a5f8a000 	C:\WINDOWS\WinSxS\amd64_microsoft.windows.common-controls_6595b64144ccf1df_6.0.19041.1110_none_60b5254171f9507e\COMCTL32.dll
0x00007ff9bd800000 - 0x00007ff9bd82b000 	C:\WINDOWS\System32\GDI32.dll
0x00007ff9be190000 - 0x00007ff9be22e000 	C:\WINDOWS\System32\msvcrt.dll
0x00007ff9bc2d0000 - 0x00007ff9bc3dd000 	C:\WINDOWS\System32\gdi32full.dll
0x00007ff9bc5f0000 - 0x00007ff9bc68d000 	C:\WINDOWS\System32\msvcp_win.dll
0x00007ff9bd340000 - 0x00007ff9bd370000 	C:\WINDOWS\System32\IMM32.DLL
0x00007ff9af110000 - 0x00007ff9af1ad000 	C:\Program Files\Android\Android Studio\jre\bin\msvcp140.dll
0x00007ff95dab0000 - 0x00007ff95e57f000 	C:\Program Files\Android\Android Studio\jre\bin\server\jvm.dll
0x00007ff9bcff0000 - 0x00007ff9bd09e000 	C:\WINDOWS\System32\ADVAPI32.dll
0x00007ff9bd0a0000 - 0x00007ff9bd13c000 	C:\WINDOWS\System32\sechost.dll
0x00007ff9bdd20000 - 0x00007ff9bde45000 	C:\WINDOWS\System32\RPCRT4.dll
0x00007ff9be520000 - 0x00007ff9be528000 	C:\WINDOWS\System32\PSAPI.DLL
0x00007ff9afd70000 - 0x00007ff9afd7a000 	C:\WINDOWS\SYSTEM32\VERSION.dll
0x00007ff9a3970000 - 0x00007ff9a3979000 	C:\WINDOWS\SYSTEM32\WSOCK32.dll
0x00007ff998810000 - 0x00007ff998837000 	C:\WINDOWS\SYSTEM32\WINMM.dll
0x00007ff9bd370000 - 0x00007ff9bd3db000 	C:\WINDOWS\System32\WS2_32.dll
0x00007ff9ba5f0000 - 0x00007ff9ba602000 	C:\WINDOWS\SYSTEM32\kernel.appcore.dll
0x00007ff9af200000 - 0x00007ff9af211000 	C:\Program Files\Android\Android Studio\jre\bin\verify.dll
0x00007ff9ba380000 - 0x00007ff9ba564000 	C:\WINDOWS\SYSTEM32\DBGHELP.DLL
0x00007ff997f90000 - 0x00007ff997fbc000 	C:\WINDOWS\SYSTEM32\dbgcore.DLL
0x00007ff9bbd60000 - 0x00007ff9bbde2000 	C:\WINDOWS\System32\bcryptPrimitives.dll
0x00007ff988500000 - 0x00007ff988529000 	C:\Program Files\Android\Android Studio\jre\bin\java.dll
0x00007ff9af1f0000 - 0x00007ff9af1fb000 	C:\Program Files\Android\Android Studio\jre\bin\jimage.dll
0x00007ff9884e0000 - 0x00007ff9884f8000 	C:\Program Files\Android\Android Studio\jre\bin\zip.dll
0x00007ff9bc7c0000 - 0x00007ff9bcf04000 	C:\WINDOWS\System32\SHELL32.dll
0x00007ff9b9ae0000 - 0x00007ff9ba275000 	C:\WINDOWS\SYSTEM32\windows.storage.dll
0x00007ff9bd4a0000 - 0x00007ff9bd7f5000 	C:\WINDOWS\System32\combase.dll
0x00007ff9bb6d0000 - 0x00007ff9bb6fe000 	C:\WINDOWS\SYSTEM32\Wldp.dll
0x00007ff9be470000 - 0x00007ff9be51d000 	C:\WINDOWS\System32\SHCORE.dll
0x00007ff9bd2e0000 - 0x00007ff9bd335000 	C:\WINDOWS\System32\shlwapi.dll
0x00007ff9bbca0000 - 0x00007ff9bbcbf000 	C:\WINDOWS\SYSTEM32\profapi.dll
0x00007ff9884c0000 - 0x00007ff9884da000 	C:\Program Files\Android\Android Studio\jre\bin\net.dll
0x00007ff9ad060000 - 0x00007ff9ad16c000 	C:\WINDOWS\SYSTEM32\WINHTTP.dll
0x00007ff9bb4b0000 - 0x00007ff9bb51a000 	C:\WINDOWS\system32\mswsock.dll
0x00007ff9884a0000 - 0x00007ff9884b4000 	C:\Program Files\Android\Android Studio\jre\bin\nio.dll
0x00007ff9b1690000 - 0x00007ff9b16b7000 	C:\Users\alexandre.deluc\.gradle\native\8bec1ad78214c89d9ad589b4d07fe93259594b29d510b10fafb7a158f7737e5d\windows-amd64\native-platform.dll
0x00007ff9806e0000 - 0x00007ff98081d000 	C:\Users\alexandre.deluc\.gradle\native\53dbd7edfb1c66fb8903c78663c9afc45aea4f116125fa6feffd364cf09443e8\windows-amd64\native-platform-file-events.dll
0x00007ff9ae280000 - 0x00007ff9ae28a000 	C:\Program Files\Android\Android Studio\jre\bin\management.dll
0x00007ff9a6040000 - 0x00007ff9a604c000 	C:\Program Files\Android\Android Studio\jre\bin\management_ext.dll
0x00007ff9bba10000 - 0x00007ff9bba28000 	C:\WINDOWS\SYSTEM32\CRYPTSP.dll
0x00007ff9bade0000 - 0x00007ff9bae14000 	C:\WINDOWS\system32\rsaenh.dll
0x00007ff9bc250000 - 0x00007ff9bc277000 	C:\WINDOWS\System32\bcrypt.dll
0x00007ff9bbc60000 - 0x00007ff9bbc8e000 	C:\WINDOWS\SYSTEM32\USERENV.dll
0x00007ff9bb640000 - 0x00007ff9bb64c000 	C:\WINDOWS\SYSTEM32\CRYPTBASE.dll
0x00007ff9bb170000 - 0x00007ff9bb1ab000 	C:\WINDOWS\SYSTEM32\IPHLPAPI.DLL
0x00007ff9be600000 - 0x00007ff9be608000 	C:\WINDOWS\System32\NSI.dll
0x00007ff9ba2a0000 - 0x00007ff9ba2b7000 	C:\WINDOWS\SYSTEM32\dhcpcsvc6.DLL
0x00007ff9ba280000 - 0x00007ff9ba29d000 	C:\WINDOWS\SYSTEM32\dhcpcsvc.DLL
0x00007ff9bb1b0000 - 0x00007ff9bb27b000 	C:\WINDOWS\SYSTEM32\DNSAPI.dll
0x00007ff9afcd0000 - 0x00007ff9afcee000 	C:\Users\alexandre.deluc\AppData\Local\Temp\native-platform11258592527465005071dir\native-platform.dll
0x00007ff9b3250000 - 0x00007ff9b3258000 	C:\Program Files\Android\Android Studio\jre\bin\rmi.dll
0x00007ff98eb80000 - 0x00007ff98eb97000 	C:\WINDOWS\system32\napinsp.dll
0x00007ff98eb60000 - 0x00007ff98eb7b000 	C:\WINDOWS\system32\pnrpnsp.dll
0x00007ff9b3c80000 - 0x00007ff9b3c95000 	C:\WINDOWS\system32\wshbth.dll
0x00007ff9b3e10000 - 0x00007ff9b3e2d000 	C:\WINDOWS\system32\NLAapi.dll
0x00007ff98eb40000 - 0x00007ff98eb52000 	C:\WINDOWS\System32\winrnr.dll
0x00007ff9b0b90000 - 0x00007ff9b0b9a000 	C:\Windows\System32\rasadhlp.dll
0x00007ff9ac740000 - 0x00007ff9ac7bf000 	C:\WINDOWS\System32\fwpuclnt.dll

dbghelp: loaded successfully - version: 4.0.5 - missing functions: none
symbol engine: initialized successfully - sym options: 0x614 - pdb path: .;C:\Program Files\Android\Android Studio\jre\bin;C:\WINDOWS\SYSTEM32;C:\WINDOWS\WinSxS\amd64_microsoft.windows.common-controls_6595b64144ccf1df_6.0.19041.1110_none_60b5254171f9507e;C:\Program Files\Android\Android Studio\jre\bin\server;C:\Users\alexandre.deluc\.gradle\native\8bec1ad78214c89d9ad589b4d07fe93259594b29d510b10fafb7a158f7737e5d\windows-amd64;C:\Users\alexandre.deluc\.gradle\native\53dbd7edfb1c66fb8903c78663c9afc45aea4f116125fa6feffd364cf09443e8\windows-amd64;C:\Users\alexandre.deluc\AppData\Local\Temp\native-platform11258592527465005071dir

VM Arguments:
jvm_args: --add-opens=java.base/java.util=ALL-UNNAMED --add-opens=java.base/java.lang=ALL-UNNAMED --add-opens=java.base/java.lang.invoke=ALL-UNNAMED --add-opens=java.base/java.util=ALL-UNNAMED --add-opens=java.prefs/java.util.prefs=ALL-UNNAMED --add-opens=java.prefs/java.util.prefs=ALL-UNNAMED --add-opens=java.base/java.nio.charset=ALL-UNNAMED --add-opens=java.base/java.net=ALL-UNNAMED --add-opens=java.base/java.util.concurrent.atomic=ALL-UNNAMED -Xmx2048m -Dfile.encoding=UTF-8 -Duser.country=FR -Duser.language=fr -Duser.variant 
java_command: org.gradle.launcher.daemon.bootstrap.GradleDaemon 7.0.2
java_class_path (initial): C:\Users\alexandre.deluc\.gradle\wrapper\dists\gradle-7.0.2-bin\857tjihv64xamwrf0h14cai3r\gradle-7.0.2\lib\gradle-launcher-7.0.2.jar
Launcher Type: SUN_STANDARD

[Global flags]
     intx CICompilerCount                          = 4                                         {product} {ergonomic}
     uint ConcGCThreads                            = 2                                         {product} {ergonomic}
     uint G1ConcRefinementThreads                  = 8                                         {product} {ergonomic}
   size_t G1HeapRegionSize                         = 1048576                                   {product} {ergonomic}
    uintx GCDrainStackTargetSize                   = 64                                        {product} {ergonomic}
   size_t InitialHeapSize                          = 266338304                                 {product} {ergonomic}
   size_t MarkStackSize                            = 4194304                                   {product} {ergonomic}
   size_t MaxHeapSize                              = 2147483648                                {product} {command line}
   size_t MaxNewSize                               = 1287651328                                {product} {ergonomic}
   size_t MinHeapDeltaBytes                        = 1048576                                   {product} {ergonomic}
    uintx NonNMethodCodeHeapSize                   = 5836300                                {pd product} {ergonomic}
    uintx NonProfiledCodeHeapSize                  = 122910970                              {pd product} {ergonomic}
    uintx ProfiledCodeHeapSize                     = 122910970                              {pd product} {ergonomic}
    uintx ReservedCodeCacheSize                    = 251658240                              {pd product} {ergonomic}
     bool SegmentedCodeCache                       = true                                      {product} {ergonomic}
     bool UseCompressedClassPointers               = true                                 {lp64_product} {ergonomic}
     bool UseCompressedOops                        = true                                 {lp64_product} {ergonomic}
     bool UseG1GC                                  = true                                      {product} {ergonomic}
     bool UseLargePagesIndividualAllocation        = false                                  {pd product} {ergonomic}

Logging:
Log output configuration:
 #0: stdout all=warning uptime,level,tags
 #1: stderr all=off uptime,level,tags

Environment Variables:
PATH=C:\Program Files\curl-7.80.0-win64-mingw\bin;C:\Program Files\Docker\Docker\resources\bin;C:\ProgramData\DockerDesktop\version-bin;D:\Documents\Logiciels\Git\cmd;C:\Users\alexandre.deluc\AppData\Roaming\local\bin;C:\Users\alexandre.deluc\AppData\Local\Microsoft\WindowsApps;D:\Microsoft VS Code\bin;C:\Users\alexandre.deluc\AppData\Roaming\npm;C:\Program Files\nodejs\;
USERNAME=alexandre.deluc
OS=Windows_NT
PROCESSOR_IDENTIFIER=Intel64 Family 6 Model 142 Stepping 10, GenuineIntel



---------------  S Y S T E M  ---------------

OS: Windows 10 , 64 bit Build 19041 (10.0.19041.1466)
OS uptime: 0 days 14:22 hours
Hyper-V role detected

CPU:total 8 (initial active 8) (4 cores per cpu, 2 threads per core) family 6 model 142 stepping 10 microcode 0xb4, cmov, cx8, fxsr, mmx, sse, sse2, sse3, ssse3, sse4.1, sse4.2, popcnt, avx, avx2, aes, clmul, erms, 3dnowpref, lzcnt, ht, tsc, tscinvbit, bmi1, bmi2, adx, fma

Memory: 4k page, system-wide physical 16231M (528M free)
TotalPageFile size 34810M (AvailPageFile size 0M)
current process WorkingSet (physical memory assigned to process): 505M, peak: 541M
current process commit charge ("private bytes"): 557M, peak: 594M

vm_info: OpenJDK 64-Bit Server VM (11.0.10+0-b96-7249189) for windows-amd64 JRE (11.0.10+0-b96-7249189), built on Mar 31 2021 21:44:00 by "builder" with MS VC++ 14.0 (VS2015)

END.
